-------------------------------------------------------------------------------
Test set: com.exapmple.jacoco_example.TestBankAccount
-------------------------------------------------------------------------------
Tests run: 1, Failures: 0, Errors: 1, Skipped: 0, Time elapsed: 0.034 s <<< FAILURE! - in com.exapmple.jacoco_example.TestBankAccount
testFunds(com.exapmple.jacoco_example.TestBankAccount)  Time elapsed: 0.034 s  <<< ERROR!
java.lang.StackOverflowError
	at com.exapmple.jacoco_example.TestBankAccount.extracted(TestBankAccount.java:14)
	at com.exapmple.jacoco_example.TestBankAccount.extracted(TestBankAccount.java:14)
	at com.exapmple.jacoco_example.TestBankAccount.extracted(TestBankAccount.java:14)
	at com.exapmple.jacoco_example.TestBankAccount.extracted(TestBankAccount.java:14)
	at com.exapmple.jacoco_example.TestBankAccount.extracted(TestBankAccount.java:14)
	at com.exapmple.jacoco_example.TestBankAccount.extracted(TestBankAccount.java:14)
	at com.exapmple.jacoco_example.TestBankAccount.extracted(TestBankAccount.java:14)
	at com.exapmple.jacoco_example.TestBankAccount.extracted(TestBankAccount.java:14)
	at com.exapmple.jacoco_example.TestBankAccount.extracted(TestBankAccount.java:14)
	at com.exapmple.jacoco_example.TestBankAccount.extracted(TestBankAccount.java:14)
	at com.exapmple.jacoco_example.TestBankAccount.extracted(TestBankAccount.java:14)
	at com.exapmple.jacoco_example.TestBankAccount.extracted(TestBankAccount.java:14)
	at com.exapmple.jacoco_example.TestBankAccount.extracted(TestBankAccount.java:14)
	at com.exapmple.jacoco_example.TestBankAccount.extracted(TestBankAccount.java:14)
	at com.exapmple.jacoco_example.TestBankAccount.extracted(TestBankAccount.java:14)
	at com.exapmple.jacoco_example.TestBankAccount.extracted(TestBankAccount.java:14)
	at com.exapmple.jacoco_example.TestBankAccount.extracted(TestBankAccount.java:14)
	at com.exapmple.jacoco_example.TestBankAccount.extracted(TestBankAccount.java:14)
	at com.exapmple.jacoco_example.TestBankAccount.extracted(TestBankAccount.java:14)
	at com.exapmple.jacoco_example.TestBankAccount.extracted(TestBankAccount.java:14)
	at com.exapmple.jacoco_example.TestBankAccount.extracted(TestBankAccount.java:14)
	at com.exapmple.jacoco_example.TestBankAccount.extracted(TestBankAccount.java:14)
	at com.exapmple.jacoco_example.TestBankAccount.extracted(TestBankAccount.java:14)
	at com.exapmple.jacoco_example.TestBankAccount.extracted(TestBankAccount.java:14)
	at com.exapmple.jacoco_example.TestBankAccount.extracted(TestBankAccount.java:14)
	at com.exapmple.jacoco_example.TestBankAccount.extracted(TestBankAccount.java:14)
	at com.exapmple.jacoco_example.TestBankAccount.extracted(TestBankAccount.java:14)
	at com.exapmple.jacoco_example.TestBankAccount.extracted(TestBankAccount.java:14)
	at com.exapmple.jacoco_example.TestBankAccount.extracted(TestBankAccount.java:14)
	at com.exapmple.jacoco_example.TestBankAccount.extracted(TestBankAccount.java:14)
	at com.exapmple.jacoco_example.TestBankAccount.extracted(TestBankAccount.java:14)
	at com.exapmple.jacoco_example.TestBankAccount.extracted(TestBankAccount.java:14)
	at com.exapmple.jacoco_example.TestBankAccount.extracted(TestBankAccount.java:14)
	at com.exapmple.jacoco_example.TestBankAccount.extracted(TestBankAccount.java:14)
	at com.exapmple.jacoco_example.TestBankAccount.extracted(TestBankAccount.java:14)
	at com.exapmple.jacoco_example.TestBankAccount.extracted(TestBankAccount.java:14)
	at com.exapmple.jacoco_example.TestBankAccount.extracted(TestBankAccount.java:14)
	at com.exapmple.jacoco_example.TestBankAccount.extracted(TestBankAccount.java:14)
	at com.exapmple.jacoco_example.TestBankAccount.extracted(TestBankAccount.java:14)
	at com.exapmple.jacoco_example.TestBankAccount.extracted(TestBankAccount.java:14)
	at com.exapmple.jacoco_example.TestBankAccount.extracted(TestBankAccount.java:14)
	at com.exapmple.jacoco_example.TestBankAccount.extracted(TestBankAccount.java:14)
	at com.exapmple.jacoco_example.TestBankAccount.extracted(TestBankAccount.java:14)
	at com.exapmple.jacoco_example.TestBankAccount.extracted(TestBankAccount.java:14)
	at com.exapmple.jacoco_example.TestBankAccount.extracted(TestBankAccount.java:14)
	at com.exapmple.jacoco_example.TestBankAccount.extracted(TestBankAccount.java:14)
	at com.exapmple.jacoco_example.TestBankAccount.extracted(TestBankAccount.java:14)
	at com.exapmple.jacoco_example.TestBankAccount.extracted(TestBankAccount.java:14)
	at com.exapmple.jacoco_example.TestBankAccount.extracted(TestBankAccount.java:14)
	at com.exapmple.jacoco_example.TestBankAccount.extracted(TestBankAccount.java:14)
	at com.exapmple.jacoco_example.TestBankAccount.extracted(TestBankAccount.java:14)
	at com.exapmple.jacoco_example.TestBankAccount.extracted(TestBankAccount.java:14)
	at com.exapmple.jacoco_example.TestBankAccount.extracted(TestBankAccount.java:14)
	at com.exapmple.jacoco_example.TestBankAccount.extracted(TestBankAccount.java:14)
	at com.exapmple.jacoco_example.TestBankAccount.extracted(TestBankAccount.java:14)
	at com.exapmple.jacoco_example.TestBankAccount.extracted(TestBankAccount.java:14)
	at com.exapmple.jacoco_example.TestBankAccount.extracted(TestBankAccount.java:14)
	at com.exapmple.jacoco_example.TestBankAccount.extracted(TestBankAccount.java:14)
	at com.exapmple.jacoco_example.TestBankAccount.extracted(TestBankAccount.java:14)
	at com.exapmple.jacoco_example.TestBankAccount.extracted(TestBankAccount.java:14)
	at com.exapmple.jacoco_example.TestBankAccount.extracted(TestBankAccount.java:14)
	at com.exapmple.jacoco_example.TestBankAccount.extracted(TestBankAccount.java:14)
	at com.exapmple.jacoco_example.TestBankAccount.extracted(TestBankAccount.java:14)
	at com.exapmple.jacoco_example.TestBankAccount.extracted(TestBankAccount.java:14)
	at com.exapmple.jacoco_example.TestBankAccount.extracted(TestBankAccount.java:14)
	at com.exapmple.jacoco_example.TestBankAccount.extracted(TestBankAccount.java:14)
	at com.exapmple.jacoco_example.TestBankAccount.extracted(TestBankAccount.java:14)
	at com.exapmple.jacoco_example.TestBankAccount.extracted(TestBankAccount.java:14)
	at com.exapmple.jacoco_example.TestBankAccount.extracted(TestBankAccount.java:14)
	at com.exapmple.jacoco_example.TestBankAccount.extracted(TestBankAccount.java:14)
	at com.exapmple.jacoco_example.TestBankAccount.extracted(TestBankAccount.java:14)
	at com.exapmple.jacoco_example.TestBankAccount.extracted(TestBankAccount.java:14)
	at com.exapmple.jacoco_example.TestBankAccount.extracted(TestBankAccount.java:14)
	at com.exapmple.jacoco_example.TestBankAccount.extracted(TestBankAccount.java:14)
	at com.exapmple.jacoco_example.TestBankAccount.extracted(TestBankAccount.java:14)
	at com.exapmple.jacoco_example.TestBankAccount.extracted(TestBankAccount.java:14)
	at com.exapmple.jacoco_example.TestBankAccount.extracted(TestBankAccount.java:14)
	at com.exapmple.jacoco_example.TestBankAccount.extracted(TestBankAccount.java:14)
	at com.exapmple.jacoco_example.TestBankAccount.extracted(TestBankAccount.java:14)
	at com.exapmple.jacoco_example.TestBankAccount.extracted(TestBankAccount.java:14)
	at com.exapmple.jacoco_example.TestBankAccount.extracted(TestBankAccount.java:14)
	at com.exapmple.jacoco_example.TestBankAccount.extracted(TestBankAccount.java:14)
	at com.exapmple.jacoco_example.TestBankAccount.extracted(TestBankAccount.java:14)
	at com.exapmple.jacoco_example.TestBankAccount.extracted(TestBankAccount.java:14)
	at com.exapmple.jacoco_example.TestBankAccount.extracted(TestBankAccount.java:14)
	at com.exapmple.jacoco_example.TestBankAccount.extracted(TestBankAccount.java:14)
	at com.exapmple.jacoco_example.TestBankAccount.extracted(TestBankAccount.java:14)
	at com.exapmple.jacoco_example.TestBankAccount.extracted(TestBankAccount.java:14)
	at com.exapmple.jacoco_example.TestBankAccount.extracted(TestBankAccount.java:14)
	at com.exapmple.jacoco_example.TestBankAccount.extracted(TestBankAccount.java:14)
	at com.exapmple.jacoco_example.TestBankAccount.extracted(TestBankAccount.java:14)
	at com.exapmple.jacoco_example.TestBankAccount.extracted(TestBankAccount.java:14)
	at com.exapmple.jacoco_example.TestBankAccount.extracted(TestBankAccount.java:14)
	at com.exapmple.jacoco_example.TestBankAccount.extracted(TestBankAccount.java:14)
	at com.exapmple.jacoco_example.TestBankAccount.extracted(TestBankAccount.java:14)
	at com.exapmple.jacoco_example.TestBankAccount.extracted(TestBankAccount.java:14)
	at com.exapmple.jacoco_example.TestBankAccount.extracted(TestBankAccount.java:14)
	at com.exapmple.jacoco_example.TestBankAccount.extracted(TestBankAccount.java:14)
	at com.exapmple.jacoco_example.TestBankAccount.extracted(TestBankAccount.java:14)
	at com.exapmple.jacoco_example.TestBankAccount.extracted(TestBankAccount.java:14)
	at com.exapmple.jacoco_example.TestBankAccount.extracted(TestBankAccount.java:14)
	at com.exapmple.jacoco_example.TestBankAccount.extracted(TestBankAccount.java:14)
	at com.exapmple.jacoco_example.TestBankAccount.extracted(TestBankAccount.java:14)
	at com.exapmple.jacoco_example.TestBankAccount.extracted(TestBankAccount.java:14)
	at com.exapmple.jacoco_example.TestBankAccount.extracted(TestBankAccount.java:14)
	at com.exapmple.jacoco_example.TestBankAccount.extracted(TestBankAccount.java:14)
	at com.exapmple.jacoco_example.TestBankAccount.extracted(TestBankAccount.java:14)
	at com.exapmple.jacoco_example.TestBankAccount.extracted(TestBankAccount.java:14)
	at com.exapmple.jacoco_example.TestBankAccount.extracted(TestBankAccount.java:14)
	at com.exapmple.jacoco_example.TestBankAccount.extracted(TestBankAccount.java:14)
	at com.exapmple.jacoco_example.TestBankAccount.extracted(TestBankAccount.java:14)
	at com.exapmple.jacoco_example.TestBankAccount.extracted(TestBankAccount.java:14)
	at com.exapmple.jacoco_example.TestBankAccount.extracted(TestBankAccount.java:14)
	at com.exapmple.jacoco_example.TestBankAccount.extracted(TestBankAccount.java:14)
	at com.exapmple.jacoco_example.TestBankAccount.extracted(TestBankAccount.java:14)
	at com.exapmple.jacoco_example.TestBankAccount.extracted(TestBankAccount.java:14)
	at com.exapmple.jacoco_example.TestBankAccount.extracted(TestBankAccount.java:14)
	at com.exapmple.jacoco_example.TestBankAccount.extracted(TestBankAccount.java:14)
	at com.exapmple.jacoco_example.TestBankAccount.extracted(TestBankAccount.java:14)
	at com.exapmple.jacoco_example.TestBankAccount.extracted(TestBankAccount.java:14)
	at com.exapmple.jacoco_example.TestBankAccount.extracted(TestBankAccount.java:14)
	at com.exapmple.jacoco_example.TestBankAccount.extracted(TestBankAccount.java:14)
	at com.exapmple.jacoco_example.TestBankAccount.extracted(TestBankAccount.java:14)
	at com.exapmple.jacoco_example.TestBankAccount.extracted(TestBankAccount.java:14)
	at com.exapmple.jacoco_example.TestBankAccount.extracted(TestBankAccount.java:14)
	at com.exapmple.jacoco_example.TestBankAccount.extracted(TestBankAccount.java:14)
	at com.exapmple.jacoco_example.TestBankAccount.extracted(TestBankAccount.java:14)
	at com.exapmple.jacoco_example.TestBankAccount.extracted(TestBankAccount.java:14)
	at com.exapmple.jacoco_example.TestBankAccount.extracted(TestBankAccount.java:14)
	at com.exapmple.jacoco_example.TestBankAccount.extracted(TestBankAccount.java:14)
	at com.exapmple.jacoco_example.TestBankAccount.extracted(TestBankAccount.java:14)
	at com.exapmple.jacoco_example.TestBankAccount.extracted(TestBankAccount.java:14)
	at com.exapmple.jacoco_example.TestBankAccount.extracted(TestBankAccount.java:14)
	at com.exapmple.jacoco_example.TestBankAccount.extracted(TestBankAccount.java:14)
	at com.exapmple.jacoco_example.TestBankAccount.extracted(TestBankAccount.java:14)
	at com.exapmple.jacoco_example.TestBankAccount.extracted(TestBankAccount.java:14)
	at com.exapmple.jacoco_example.TestBankAccount.extracted(TestBankAccount.java:14)
	at com.exapmple.jacoco_example.TestBankAccount.extracted(TestBankAccount.java:14)
	at com.exapmple.jacoco_example.TestBankAccount.extracted(TestBankAccount.java:14)
	at com.exapmple.jacoco_example.TestBankAccount.extracted(TestBankAccount.java:14)
	at com.exapmple.jacoco_example.TestBankAccount.extracted(TestBankAccount.java:14)
	at com.exapmple.jacoco_example.TestBankAccount.extracted(TestBankAccount.java:14)
	at com.exapmple.jacoco_example.TestBankAccount.extracted(TestBankAccount.java:14)
	at com.exapmple.jacoco_example.TestBankAccount.extracted(TestBankAccount.java:14)
	at com.exapmple.jacoco_example.TestBankAccount.extracted(TestBankAccount.java:14)
	at com.exapmple.jacoco_example.TestBankAccount.extracted(TestBankAccount.java:14)
	at com.exapmple.jacoco_example.TestBankAccount.extracted(TestBankAccount.java:14)
	at com.exapmple.jacoco_example.TestBankAccount.extracted(TestBankAccount.java:14)
	at com.exapmple.jacoco_example.TestBankAccount.extracted(TestBankAccount.java:14)
	at com.exapmple.jacoco_example.TestBankAccount.extracted(TestBankAccount.java:14)
	at com.exapmple.jacoco_example.TestBankAccount.extracted(TestBankAccount.java:14)
	at com.exapmple.jacoco_example.TestBankAccount.extracted(TestBankAccount.java:14)
	at com.exapmple.jacoco_example.TestBankAccount.extracted(TestBankAccount.java:14)
	at com.exapmple.jacoco_example.TestBankAccount.extracted(TestBankAccount.java:14)
	at com.exapmple.jacoco_example.TestBankAccount.extracted(TestBankAccount.java:14)
	at com.exapmple.jacoco_example.TestBankAccount.extracted(TestBankAccount.java:14)
	at com.exapmple.jacoco_example.TestBankAccount.extracted(TestBankAccount.java:14)
	at com.exapmple.jacoco_example.TestBankAccount.extracted(TestBankAccount.java:14)
	at com.exapmple.jacoco_example.TestBankAccount.extracted(TestBankAccount.java:14)
	at com.exapmple.jacoco_example.TestBankAccount.extracted(TestBankAccount.java:14)
	at com.exapmple.jacoco_example.TestBankAccount.extracted(TestBankAccount.java:14)
	at com.exapmple.jacoco_example.TestBankAccount.extracted(TestBankAccount.java:14)
	at com.exapmple.jacoco_example.TestBankAccount.extracted(TestBankAccount.java:14)
	at com.exapmple.jacoco_example.TestBankAccount.extracted(TestBankAccount.java:14)
	at com.exapmple.jacoco_example.TestBankAccount.extracted(TestBankAccount.java:14)
	at com.exapmple.jacoco_example.TestBankAccount.extracted(TestBankAccount.java:14)
	at com.exapmple.jacoco_example.TestBankAccount.extracted(TestBankAccount.java:14)
	at com.exapmple.jacoco_example.TestBankAccount.extracted(TestBankAccount.java:14)
	at com.exapmple.jacoco_example.TestBankAccount.extracted(TestBankAccount.java:14)
	at com.exapmple.jacoco_example.TestBankAccount.extracted(TestBankAccount.java:14)
	at com.exapmple.jacoco_example.TestBankAccount.extracted(TestBankAccount.java:14)
	at com.exapmple.jacoco_example.TestBankAccount.extracted(TestBankAccount.java:14)
	at com.exapmple.jacoco_example.TestBankAccount.extracted(TestBankAccount.java:14)
	at com.exapmple.jacoco_example.TestBankAccount.extracted(TestBankAccount.java:14)
	at com.exapmple.jacoco_example.TestBankAccount.extracted(TestBankAccount.java:14)
	at com.exapmple.jacoco_example.TestBankAccount.extracted(TestBankAccount.java:14)
	at com.exapmple.jacoco_example.TestBankAccount.extracted(TestBankAccount.java:14)
	at com.exapmple.jacoco_example.TestBankAccount.extracted(TestBankAccount.java:14)
	at com.exapmple.jacoco_example.TestBankAccount.extracted(TestBankAccount.java:14)
	at com.exapmple.jacoco_example.TestBankAccount.extracted(TestBankAccount.java:14)
	at com.exapmple.jacoco_example.TestBankAccount.extracted(TestBankAccount.java:14)
	at com.exapmple.jacoco_example.TestBankAccount.extracted(TestBankAccount.java:14)
	at com.exapmple.jacoco_example.TestBankAccount.extracted(TestBankAccount.java:14)
	at com.exapmple.jacoco_example.TestBankAccount.extracted(TestBankAccount.java:14)
	at com.exapmple.jacoco_example.TestBankAccount.extracted(TestBankAccount.java:14)
	at com.exapmple.jacoco_example.TestBankAccount.extracted(TestBankAccount.java:14)
	at com.exapmple.jacoco_example.TestBankAccount.extracted(TestBankAccount.java:14)
	at com.exapmple.jacoco_example.TestBankAccount.extracted(TestBankAccount.java:14)
	at com.exapmple.jacoco_example.TestBankAccount.extracted(TestBankAccount.java:14)
	at com.exapmple.jacoco_example.TestBankAccount.extracted(TestBankAccount.java:14)
	at com.exapmple.jacoco_example.TestBankAccount.extracted(TestBankAccount.java:14)
	at com.exapmple.jacoco_example.TestBankAccount.extracted(TestBankAccount.java:14)
	at com.exapmple.jacoco_example.TestBankAccount.extracted(TestBankAccount.java:14)
	at com.exapmple.jacoco_example.TestBankAccount.extracted(TestBankAccount.java:14)
	at com.exapmple.jacoco_example.TestBankAccount.extracted(TestBankAccount.java:14)
	at com.exapmple.jacoco_example.TestBankAccount.extracted(TestBankAccount.java:14)
	at com.exapmple.jacoco_example.TestBankAccount.extracted(TestBankAccount.java:14)
	at com.exapmple.jacoco_example.TestBankAccount.extracted(TestBankAccount.java:14)
	at com.exapmple.jacoco_example.TestBankAccount.extracted(TestBankAccount.java:14)
	at com.exapmple.jacoco_example.TestBankAccount.extracted(TestBankAccount.java:14)
	at com.exapmple.jacoco_example.TestBankAccount.extracted(TestBankAccount.java:14)
	at com.exapmple.jacoco_example.TestBankAccount.extracted(TestBankAccount.java:14)
	at com.exapmple.jacoco_example.TestBankAccount.extracted(TestBankAccount.java:14)
	at com.exapmple.jacoco_example.TestBankAccount.extracted(TestBankAccount.java:14)
	at com.exapmple.jacoco_example.TestBankAccount.extracted(TestBankAccount.java:14)
	at com.exapmple.jacoco_example.TestBankAccount.extracted(TestBankAccount.java:14)
	at com.exapmple.jacoco_example.TestBankAccount.extracted(TestBankAccount.java:14)
	at com.exapmple.jacoco_example.TestBankAccount.extracted(TestBankAccount.java:14)
	at com.exapmple.jacoco_example.TestBankAccount.extracted(TestBankAccount.java:14)
	at com.exapmple.jacoco_example.TestBankAccount.extracted(TestBankAccount.java:14)
	at com.exapmple.jacoco_example.TestBankAccount.extracted(TestBankAccount.java:14)
	at com.exapmple.jacoco_example.TestBankAccount.extracted(TestBankAccount.java:14)
	at com.exapmple.jacoco_example.TestBankAccount.extracted(TestBankAccount.java:14)
	at com.exapmple.jacoco_example.TestBankAccount.extracted(TestBankAccount.java:14)
	at com.exapmple.jacoco_example.TestBankAccount.extracted(TestBankAccount.java:14)
	at com.exapmple.jacoco_example.TestBankAccount.extracted(TestBankAccount.java:14)
	at com.exapmple.jacoco_example.TestBankAccount.extracted(TestBankAccount.java:14)
	at com.exapmple.jacoco_example.TestBankAccount.extracted(TestBankAccount.java:14)
	at com.exapmple.jacoco_example.TestBankAccount.extracted(TestBankAccount.java:14)
	at com.exapmple.jacoco_example.TestBankAccount.extracted(TestBankAccount.java:14)
	at com.exapmple.jacoco_example.TestBankAccount.extracted(TestBankAccount.java:14)
	at com.exapmple.jacoco_example.TestBankAccount.extracted(TestBankAccount.java:14)
	at com.exapmple.jacoco_example.TestBankAccount.extracted(TestBankAccount.java:14)
	at com.exapmple.jacoco_example.TestBankAccount.extracted(TestBankAccount.java:14)
	at com.exapmple.jacoco_example.TestBankAccount.extracted(TestBankAccount.java:14)
	at com.exapmple.jacoco_example.TestBankAccount.extracted(TestBankAccount.java:14)
	at com.exapmple.jacoco_example.TestBankAccount.extracted(TestBankAccount.java:14)
	at com.exapmple.jacoco_example.TestBankAccount.extracted(TestBankAccount.java:14)
	at com.exapmple.jacoco_example.TestBankAccount.extracted(TestBankAccount.java:14)
	at com.exapmple.jacoco_example.TestBankAccount.extracted(TestBankAccount.java:14)
	at com.exapmple.jacoco_example.TestBankAccount.extracted(TestBankAccount.java:14)
	at com.exapmple.jacoco_example.TestBankAccount.extracted(TestBankAccount.java:14)
	at com.exapmple.jacoco_example.TestBankAccount.extracted(TestBankAccount.java:14)
	at com.exapmple.jacoco_example.TestBankAccount.extracted(TestBankAccount.java:14)
	at com.exapmple.jacoco_example.TestBankAccount.extracted(TestBankAccount.java:14)
	at com.exapmple.jacoco_example.TestBankAccount.extracted(TestBankAccount.java:14)
	at com.exapmple.jacoco_example.TestBankAccount.extracted(TestBankAccount.java:14)
	at com.exapmple.jacoco_example.TestBankAccount.extracted(TestBankAccount.java:14)
	at com.exapmple.jacoco_example.TestBankAccount.extracted(TestBankAccount.java:14)
	at com.exapmple.jacoco_example.TestBankAccount.extracted(TestBankAccount.java:14)
	at com.exapmple.jacoco_example.TestBankAccount.extracted(TestBankAccount.java:14)
	at com.exapmple.jacoco_example.TestBankAccount.extracted(TestBankAccount.java:14)
	at com.exapmple.jacoco_example.TestBankAccount.extracted(TestBankAccount.java:14)
	at com.exapmple.jacoco_example.TestBankAccount.extracted(TestBankAccount.java:14)
	at com.exapmple.jacoco_example.TestBankAccount.extracted(TestBankAccount.java:14)
	at com.exapmple.jacoco_example.TestBankAccount.extracted(TestBankAccount.java:14)
	at com.exapmple.jacoco_example.TestBankAccount.extracted(TestBankAccount.java:14)
	at com.exapmple.jacoco_example.TestBankAccount.extracted(TestBankAccount.java:14)
	at com.exapmple.jacoco_example.TestBankAccount.extracted(TestBankAccount.java:14)
	at com.exapmple.jacoco_example.TestBankAccount.extracted(TestBankAccount.java:14)
	at com.exapmple.jacoco_example.TestBankAccount.extracted(TestBankAccount.java:14)
	at com.exapmple.jacoco_example.TestBankAccount.extracted(TestBankAccount.java:14)
	at com.exapmple.jacoco_example.TestBankAccount.extracted(TestBankAccount.java:14)
	at com.exapmple.jacoco_example.TestBankAccount.extracted(TestBankAccount.java:14)
	at com.exapmple.jacoco_example.TestBankAccount.extracted(TestBankAccount.java:14)
	at com.exapmple.jacoco_example.TestBankAccount.extracted(TestBankAccount.java:14)
	at com.exapmple.jacoco_example.TestBankAccount.extracted(TestBankAccount.java:14)
	at com.exapmple.jacoco_example.TestBankAccount.extracted(TestBankAccount.java:14)
	at com.exapmple.jacoco_example.TestBankAccount.extracted(TestBankAccount.java:14)
	at com.exapmple.jacoco_example.TestBankAccount.extracted(TestBankAccount.java:14)
	at com.exapmple.jacoco_example.TestBankAccount.extracted(TestBankAccount.java:14)
	at com.exapmple.jacoco_example.TestBankAccount.extracted(TestBankAccount.java:14)
	at com.exapmple.jacoco_example.TestBankAccount.extracted(TestBankAccount.java:14)
	at com.exapmple.jacoco_example.TestBankAccount.extracted(TestBankAccount.java:14)
	at com.exapmple.jacoco_example.TestBankAccount.extracted(TestBankAccount.java:14)
	at com.exapmple.jacoco_example.TestBankAccount.extracted(TestBankAccount.java:14)
	at com.exapmple.jacoco_example.TestBankAccount.extracted(TestBankAccount.java:14)
	at com.exapmple.jacoco_example.TestBankAccount.extracted(TestBankAccount.java:14)
	at com.exapmple.jacoco_example.TestBankAccount.extracted(TestBankAccount.java:14)
	at com.exapmple.jacoco_example.TestBankAccount.extracted(TestBankAccount.java:14)
	at com.exapmple.jacoco_example.TestBankAccount.extracted(TestBankAccount.java:14)
	at com.exapmple.jacoco_example.TestBankAccount.extracted(TestBankAccount.java:14)
	at com.exapmple.jacoco_example.TestBankAccount.extracted(TestBankAccount.java:14)
	at com.exapmple.jacoco_example.TestBankAccount.extracted(TestBankAccount.java:14)
	at com.exapmple.jacoco_example.TestBankAccount.extracted(TestBankAccount.java:14)
	at com.exapmple.jacoco_example.TestBankAccount.extracted(TestBankAccount.java:14)
	at com.exapmple.jacoco_example.TestBankAccount.extracted(TestBankAccount.java:14)
	at com.exapmple.jacoco_example.TestBankAccount.extracted(TestBankAccount.java:14)
	at com.exapmple.jacoco_example.TestBankAccount.extracted(TestBankAccount.java:14)
	at com.exapmple.jacoco_example.TestBankAccount.extracted(TestBankAccount.java:14)
	at com.exapmple.jacoco_example.TestBankAccount.extracted(TestBankAccount.java:14)
	at com.exapmple.jacoco_example.TestBankAccount.extracted(TestBankAccount.java:14)
	at com.exapmple.jacoco_example.TestBankAccount.extracted(TestBankAccount.java:14)
	at com.exapmple.jacoco_example.TestBankAccount.extracted(TestBankAccount.java:14)
	at com.exapmple.jacoco_example.TestBankAccount.extracted(TestBankAccount.java:14)
	at com.exapmple.jacoco_example.TestBankAccount.extracted(TestBankAccount.java:14)
	at com.exapmple.jacoco_example.TestBankAccount.extracted(TestBankAccount.java:14)
	at com.exapmple.jacoco_example.TestBankAccount.extracted(TestBankAccount.java:14)
	at com.exapmple.jacoco_example.TestBankAccount.extracted(TestBankAccount.java:14)
	at com.exapmple.jacoco_example.TestBankAccount.extracted(TestBankAccount.java:14)
	at com.exapmple.jacoco_example.TestBankAccount.extracted(TestBankAccount.java:14)
	at com.exapmple.jacoco_example.TestBankAccount.extracted(TestBankAccount.java:14)
	at com.exapmple.jacoco_example.TestBankAccount.extracted(TestBankAccount.java:14)
	at com.exapmple.jacoco_example.TestBankAccount.extracted(TestBankAccount.java:14)
	at com.exapmple.jacoco_example.TestBankAccount.extracted(TestBankAccount.java:14)
	at com.exapmple.jacoco_example.TestBankAccount.extracted(TestBankAccount.java:14)
	at com.exapmple.jacoco_example.TestBankAccount.extracted(TestBankAccount.java:14)
	at com.exapmple.jacoco_example.TestBankAccount.extracted(TestBankAccount.java:14)
	at com.exapmple.jacoco_example.TestBankAccount.extracted(TestBankAccount.java:14)
	at com.exapmple.jacoco_example.TestBankAccount.extracted(TestBankAccount.java:14)
	at com.exapmple.jacoco_example.TestBankAccount.extracted(TestBankAccount.java:14)
	at com.exapmple.jacoco_example.TestBankAccount.extracted(TestBankAccount.java:14)
	at com.exapmple.jacoco_example.TestBankAccount.extracted(TestBankAccount.java:14)
	at com.exapmple.jacoco_example.TestBankAccount.extracted(TestBankAccount.java:14)
	at com.exapmple.jacoco_example.TestBankAccount.extracted(TestBankAccount.java:14)
	at com.exapmple.jacoco_example.TestBankAccount.extracted(TestBankAccount.java:14)
	at com.exapmple.jacoco_example.TestBankAccount.extracted(TestBankAccount.java:14)
	at com.exapmple.jacoco_example.TestBankAccount.extracted(TestBankAccount.java:14)
	at com.exapmple.jacoco_example.TestBankAccount.extracted(TestBankAccount.java:14)
	at com.exapmple.jacoco_example.TestBankAccount.extracted(TestBankAccount.java:14)
	at com.exapmple.jacoco_example.TestBankAccount.extracted(TestBankAccount.java:14)
	at com.exapmple.jacoco_example.TestBankAccount.extracted(TestBankAccount.java:14)
	at com.exapmple.jacoco_example.TestBankAccount.extracted(TestBankAccount.java:14)
	at com.exapmple.jacoco_example.TestBankAccount.extracted(TestBankAccount.java:14)
	at com.exapmple.jacoco_example.TestBankAccount.extracted(TestBankAccount.java:14)
	at com.exapmple.jacoco_example.TestBankAccount.extracted(TestBankAccount.java:14)
	at com.exapmple.jacoco_example.TestBankAccount.extracted(TestBankAccount.java:14)
	at com.exapmple.jacoco_example.TestBankAccount.extracted(TestBankAccount.java:14)
	at com.exapmple.jacoco_example.TestBankAccount.extracted(TestBankAccount.java:14)
	at com.exapmple.jacoco_example.TestBankAccount.extracted(TestBankAccount.java:14)
	at com.exapmple.jacoco_example.TestBankAccount.extracted(TestBankAccount.java:14)
	at com.exapmple.jacoco_example.TestBankAccount.extracted(TestBankAccount.java:14)
	at com.exapmple.jacoco_example.TestBankAccount.extracted(TestBankAccount.java:14)
	at com.exapmple.jacoco_example.TestBankAccount.extracted(TestBankAccount.java:14)
	at com.exapmple.jacoco_example.TestBankAccount.extracted(TestBankAccount.java:14)
	at com.exapmple.jacoco_example.TestBankAccount.extracted(TestBankAccount.java:14)
	at com.exapmple.jacoco_example.TestBankAccount.extracted(TestBankAccount.java:14)
	at com.exapmple.jacoco_example.TestBankAccount.extracted(TestBankAccount.java:14)
	at com.exapmple.jacoco_example.TestBankAccount.extracted(TestBankAccount.java:14)
	at com.exapmple.jacoco_example.TestBankAccount.extracted(TestBankAccount.java:14)
	at com.exapmple.jacoco_example.TestBankAccount.extracted(TestBankAccount.java:14)
	at com.exapmple.jacoco_example.TestBankAccount.extracted(TestBankAccount.java:14)
	at com.exapmple.jacoco_example.TestBankAccount.extracted(TestBankAccount.java:14)
	at com.exapmple.jacoco_example.TestBankAccount.extracted(TestBankAccount.java:14)
	at com.exapmple.jacoco_example.TestBankAccount.extracted(TestBankAccount.java:14)
	at com.exapmple.jacoco_example.TestBankAccount.extracted(TestBankAccount.java:14)
	at com.exapmple.jacoco_example.TestBankAccount.extracted(TestBankAccount.java:14)
	at com.exapmple.jacoco_example.TestBankAccount.extracted(TestBankAccount.java:14)
	at com.exapmple.jacoco_example.TestBankAccount.extracted(TestBankAccount.java:14)
	at com.exapmple.jacoco_example.TestBankAccount.extracted(TestBankAccount.java:14)
	at com.exapmple.jacoco_example.TestBankAccount.extracted(TestBankAccount.java:14)
	at com.exapmple.jacoco_example.TestBankAccount.extracted(TestBankAccount.java:14)
	at com.exapmple.jacoco_example.TestBankAccount.extracted(TestBankAccount.java:14)
	at com.exapmple.jacoco_example.TestBankAccount.extracted(TestBankAccount.java:14)
	at com.exapmple.jacoco_example.TestBankAccount.extracted(TestBankAccount.java:14)
	at com.exapmple.jacoco_example.TestBankAccount.extracted(TestBankAccount.java:14)
	at com.exapmple.jacoco_example.TestBankAccount.extracted(TestBankAccount.java:14)
	at com.exapmple.jacoco_example.TestBankAccount.extracted(TestBankAccount.java:14)
	at com.exapmple.jacoco_example.TestBankAccount.extracted(TestBankAccount.java:14)
	at com.exapmple.jacoco_example.TestBankAccount.extracted(TestBankAccount.java:14)
	at com.exapmple.jacoco_example.TestBankAccount.extracted(TestBankAccount.java:14)
	at com.exapmple.jacoco_example.TestBankAccount.extracted(TestBankAccount.java:14)
	at com.exapmple.jacoco_example.TestBankAccount.extracted(TestBankAccount.java:14)
	at com.exapmple.jacoco_example.TestBankAccount.extracted(TestBankAccount.java:14)
	at com.exapmple.jacoco_example.TestBankAccount.extracted(TestBankAccount.java:14)
	at com.exapmple.jacoco_example.TestBankAccount.extracted(TestBankAccount.java:14)
	at com.exapmple.jacoco_example.TestBankAccount.extracted(TestBankAccount.java:14)
	at com.exapmple.jacoco_example.TestBankAccount.extracted(TestBankAccount.java:14)
	at com.exapmple.jacoco_example.TestBankAccount.extracted(TestBankAccount.java:14)
	at com.exapmple.jacoco_example.TestBankAccount.extracted(TestBankAccount.java:14)
	at com.exapmple.jacoco_example.TestBankAccount.extracted(TestBankAccount.java:14)
	at com.exapmple.jacoco_example.TestBankAccount.extracted(TestBankAccount.java:14)
	at com.exapmple.jacoco_example.TestBankAccount.extracted(TestBankAccount.java:14)
	at com.exapmple.jacoco_example.TestBankAccount.extracted(TestBankAccount.java:14)
	at com.exapmple.jacoco_example.TestBankAccount.extracted(TestBankAccount.java:14)
	at com.exapmple.jacoco_example.TestBankAccount.extracted(TestBankAccount.java:14)
	at com.exapmple.jacoco_example.TestBankAccount.extracted(TestBankAccount.java:14)
	at com.exapmple.jacoco_example.TestBankAccount.extracted(TestBankAccount.java:14)
	at com.exapmple.jacoco_example.TestBankAccount.extracted(TestBankAccount.java:14)
	at com.exapmple.jacoco_example.TestBankAccount.extracted(TestBankAccount.java:14)
	at com.exapmple.jacoco_example.TestBankAccount.extracted(TestBankAccount.java:14)
	at com.exapmple.jacoco_example.TestBankAccount.extracted(TestBankAccount.java:14)
	at com.exapmple.jacoco_example.TestBankAccount.extracted(TestBankAccount.java:14)
	at com.exapmple.jacoco_example.TestBankAccount.extracted(TestBankAccount.java:14)
	at com.exapmple.jacoco_example.TestBankAccount.extracted(TestBankAccount.java:14)
	at com.exapmple.jacoco_example.TestBankAccount.extracted(TestBankAccount.java:14)
	at com.exapmple.jacoco_example.TestBankAccount.extracted(TestBankAccount.java:14)
	at com.exapmple.jacoco_example.TestBankAccount.extracted(TestBankAccount.java:14)
	at com.exapmple.jacoco_example.TestBankAccount.extracted(TestBankAccount.java:14)
	at com.exapmple.jacoco_example.TestBankAccount.extracted(TestBankAccount.java:14)
	at com.exapmple.jacoco_example.TestBankAccount.extracted(TestBankAccount.java:14)
	at com.exapmple.jacoco_example.TestBankAccount.extracted(TestBankAccount.java:14)
	at com.exapmple.jacoco_example.TestBankAccount.extracted(TestBankAccount.java:14)
	at com.exapmple.jacoco_example.TestBankAccount.extracted(TestBankAccount.java:14)
	at com.exapmple.jacoco_example.TestBankAccount.extracted(TestBankAccount.java:14)
	at com.exapmple.jacoco_example.TestBankAccount.extracted(TestBankAccount.java:14)
	at com.exapmple.jacoco_example.TestBankAccount.extracted(TestBankAccount.java:14)
	at com.exapmple.jacoco_example.TestBankAccount.extracted(TestBankAccount.java:14)
	at com.exapmple.jacoco_example.TestBankAccount.extracted(TestBankAccount.java:14)
	at com.exapmple.jacoco_example.TestBankAccount.extracted(TestBankAccount.java:14)
	at com.exapmple.jacoco_example.TestBankAccount.extracted(TestBankAccount.java:14)
	at com.exapmple.jacoco_example.TestBankAccount.extracted(TestBankAccount.java:14)
	at com.exapmple.jacoco_example.TestBankAccount.extracted(TestBankAccount.java:14)
	at com.exapmple.jacoco_example.TestBankAccount.extracted(TestBankAccount.java:14)
	at com.exapmple.jacoco_example.TestBankAccount.extracted(TestBankAccount.java:14)
	at com.exapmple.jacoco_example.TestBankAccount.extracted(TestBankAccount.java:14)
	at com.exapmple.jacoco_example.TestBankAccount.extracted(TestBankAccount.java:14)
	at com.exapmple.jacoco_example.TestBankAccount.extracted(TestBankAccount.java:14)
	at com.exapmple.jacoco_example.TestBankAccount.extracted(TestBankAccount.java:14)
	at com.exapmple.jacoco_example.TestBankAccount.extracted(TestBankAccount.java:14)
	at com.exapmple.jacoco_example.TestBankAccount.extracted(TestBankAccount.java:14)
	at com.exapmple.jacoco_example.TestBankAccount.extracted(TestBankAccount.java:14)
	at com.exapmple.jacoco_example.TestBankAccount.extracted(TestBankAccount.java:14)
	at com.exapmple.jacoco_example.TestBankAccount.extracted(TestBankAccount.java:14)
	at com.exapmple.jacoco_example.TestBankAccount.extracted(TestBankAccount.java:14)
	at com.exapmple.jacoco_example.TestBankAccount.extracted(TestBankAccount.java:14)
	at com.exapmple.jacoco_example.TestBankAccount.extracted(TestBankAccount.java:14)
	at com.exapmple.jacoco_example.TestBankAccount.extracted(TestBankAccount.java:14)
	at com.exapmple.jacoco_example.TestBankAccount.extracted(TestBankAccount.java:14)
	at com.exapmple.jacoco_example.TestBankAccount.extracted(TestBankAccount.java:14)
	at com.exapmple.jacoco_example.TestBankAccount.extracted(TestBankAccount.java:14)
	at com.exapmple.jacoco_example.TestBankAccount.extracted(TestBankAccount.java:14)
	at com.exapmple.jacoco_example.TestBankAccount.extracted(TestBankAccount.java:14)
	at com.exapmple.jacoco_example.TestBankAccount.extracted(TestBankAccount.java:14)
	at com.exapmple.jacoco_example.TestBankAccount.extracted(TestBankAccount.java:14)
	at com.exapmple.jacoco_example.TestBankAccount.extracted(TestBankAccount.java:14)
	at com.exapmple.jacoco_example.TestBankAccount.extracted(TestBankAccount.java:14)
	at com.exapmple.jacoco_example.TestBankAccount.extracted(TestBankAccount.java:14)
	at com.exapmple.jacoco_example.TestBankAccount.extracted(TestBankAccount.java:14)
	at com.exapmple.jacoco_example.TestBankAccount.extracted(TestBankAccount.java:14)
	at com.exapmple.jacoco_example.TestBankAccount.extracted(TestBankAccount.java:14)
	at com.exapmple.jacoco_example.TestBankAccount.extracted(TestBankAccount.java:14)
	at com.exapmple.jacoco_example.TestBankAccount.extracted(TestBankAccount.java:14)
	at com.exapmple.jacoco_example.TestBankAccount.extracted(TestBankAccount.java:14)
	at com.exapmple.jacoco_example.TestBankAccount.extracted(TestBankAccount.java:14)
	at com.exapmple.jacoco_example.TestBankAccount.extracted(TestBankAccount.java:14)
	at com.exapmple.jacoco_example.TestBankAccount.extracted(TestBankAccount.java:14)
	at com.exapmple.jacoco_example.TestBankAccount.extracted(TestBankAccount.java:14)
	at com.exapmple.jacoco_example.TestBankAccount.extracted(TestBankAccount.java:14)
	at com.exapmple.jacoco_example.TestBankAccount.extracted(TestBankAccount.java:14)
	at com.exapmple.jacoco_example.TestBankAccount.extracted(TestBankAccount.java:14)
	at com.exapmple.jacoco_example.TestBankAccount.extracted(TestBankAccount.java:14)
	at com.exapmple.jacoco_example.TestBankAccount.extracted(TestBankAccount.java:14)
	at com.exapmple.jacoco_example.TestBankAccount.extracted(TestBankAccount.java:14)
	at com.exapmple.jacoco_example.TestBankAccount.extracted(TestBankAccount.java:14)
	at com.exapmple.jacoco_example.TestBankAccount.extracted(TestBankAccount.java:14)
	at com.exapmple.jacoco_example.TestBankAccount.extracted(TestBankAccount.java:14)
	at com.exapmple.jacoco_example.TestBankAccount.extracted(TestBankAccount.java:14)
	at com.exapmple.jacoco_example.TestBankAccount.extracted(TestBankAccount.java:14)
	at com.exapmple.jacoco_example.TestBankAccount.extracted(TestBankAccount.java:14)
	at com.exapmple.jacoco_example.TestBankAccount.extracted(TestBankAccount.java:14)
	at com.exapmple.jacoco_example.TestBankAccount.extracted(TestBankAccount.java:14)
	at com.exapmple.jacoco_example.TestBankAccount.extracted(TestBankAccount.java:14)
	at com.exapmple.jacoco_example.TestBankAccount.extracted(TestBankAccount.java:14)
	at com.exapmple.jacoco_example.TestBankAccount.extracted(TestBankAccount.java:14)
	at com.exapmple.jacoco_example.TestBankAccount.extracted(TestBankAccount.java:14)
	at com.exapmple.jacoco_example.TestBankAccount.extracted(TestBankAccount.java:14)
	at com.exapmple.jacoco_example.TestBankAccount.extracted(TestBankAccount.java:14)
	at com.exapmple.jacoco_example.TestBankAccount.extracted(TestBankAccount.java:14)
	at com.exapmple.jacoco_example.TestBankAccount.extracted(TestBankAccount.java:14)
	at com.exapmple.jacoco_example.TestBankAccount.extracted(TestBankAccount.java:14)
	at com.exapmple.jacoco_example.TestBankAccount.extracted(TestBankAccount.java:14)
	at com.exapmple.jacoco_example.TestBankAccount.extracted(TestBankAccount.java:14)
	at com.exapmple.jacoco_example.TestBankAccount.extracted(TestBankAccount.java:14)
	at com.exapmple.jacoco_example.TestBankAccount.extracted(TestBankAccount.java:14)
	at com.exapmple.jacoco_example.TestBankAccount.extracted(TestBankAccount.java:14)
	at com.exapmple.jacoco_example.TestBankAccount.extracted(TestBankAccount.java:14)
	at com.exapmple.jacoco_example.TestBankAccount.extracted(TestBankAccount.java:14)
	at com.exapmple.jacoco_example.TestBankAccount.extracted(TestBankAccount.java:14)
	at com.exapmple.jacoco_example.TestBankAccount.extracted(TestBankAccount.java:14)
	at com.exapmple.jacoco_example.TestBankAccount.extracted(TestBankAccount.java:14)
	at com.exapmple.jacoco_example.TestBankAccount.extracted(TestBankAccount.java:14)
	at com.exapmple.jacoco_example.TestBankAccount.extracted(TestBankAccount.java:14)
	at com.exapmple.jacoco_example.TestBankAccount.extracted(TestBankAccount.java:14)
	at com.exapmple.jacoco_example.TestBankAccount.extracted(TestBankAccount.java:14)
	at com.exapmple.jacoco_example.TestBankAccount.extracted(TestBankAccount.java:14)
	at com.exapmple.jacoco_example.TestBankAccount.extracted(TestBankAccount.java:14)
	at com.exapmple.jacoco_example.TestBankAccount.extracted(TestBankAccount.java:14)
	at com.exapmple.jacoco_example.TestBankAccount.extracted(TestBankAccount.java:14)
	at com.exapmple.jacoco_example.TestBankAccount.extracted(TestBankAccount.java:14)
	at com.exapmple.jacoco_example.TestBankAccount.extracted(TestBankAccount.java:14)
	at com.exapmple.jacoco_example.TestBankAccount.extracted(TestBankAccount.java:14)
	at com.exapmple.jacoco_example.TestBankAccount.extracted(TestBankAccount.java:14)
	at com.exapmple.jacoco_example.TestBankAccount.extracted(TestBankAccount.java:14)
	at com.exapmple.jacoco_example.TestBankAccount.extracted(TestBankAccount.java:14)
	at com.exapmple.jacoco_example.TestBankAccount.extracted(TestBankAccount.java:14)
	at com.exapmple.jacoco_example.TestBankAccount.extracted(TestBankAccount.java:14)
	at com.exapmple.jacoco_example.TestBankAccount.extracted(TestBankAccount.java:14)
	at com.exapmple.jacoco_example.TestBankAccount.extracted(TestBankAccount.java:14)
	at com.exapmple.jacoco_example.TestBankAccount.extracted(TestBankAccount.java:14)
	at com.exapmple.jacoco_example.TestBankAccount.extracted(TestBankAccount.java:14)
	at com.exapmple.jacoco_example.TestBankAccount.extracted(TestBankAccount.java:14)
	at com.exapmple.jacoco_example.TestBankAccount.extracted(TestBankAccount.java:14)
	at com.exapmple.jacoco_example.TestBankAccount.extracted(TestBankAccount.java:14)
	at com.exapmple.jacoco_example.TestBankAccount.extracted(TestBankAccount.java:14)
	at com.exapmple.jacoco_example.TestBankAccount.extracted(TestBankAccount.java:14)
	at com.exapmple.jacoco_example.TestBankAccount.extracted(TestBankAccount.java:14)
	at com.exapmple.jacoco_example.TestBankAccount.extracted(TestBankAccount.java:14)
	at com.exapmple.jacoco_example.TestBankAccount.extracted(TestBankAccount.java:14)
	at com.exapmple.jacoco_example.TestBankAccount.extracted(TestBankAccount.java:14)
	at com.exapmple.jacoco_example.TestBankAccount.extracted(TestBankAccount.java:14)
	at com.exapmple.jacoco_example.TestBankAccount.extracted(TestBankAccount.java:14)
	at com.exapmple.jacoco_example.TestBankAccount.extracted(TestBankAccount.java:14)
	at com.exapmple.jacoco_example.TestBankAccount.extracted(TestBankAccount.java:14)
	at com.exapmple.jacoco_example.TestBankAccount.extracted(TestBankAccount.java:14)
	at com.exapmple.jacoco_example.TestBankAccount.extracted(TestBankAccount.java:14)
	at com.exapmple.jacoco_example.TestBankAccount.extracted(TestBankAccount.java:14)
	at com.exapmple.jacoco_example.TestBankAccount.extracted(TestBankAccount.java:14)
	at com.exapmple.jacoco_example.TestBankAccount.extracted(TestBankAccount.java:14)
	at com.exapmple.jacoco_example.TestBankAccount.extracted(TestBankAccount.java:14)
	at com.exapmple.jacoco_example.TestBankAccount.extracted(TestBankAccount.java:14)
	at com.exapmple.jacoco_example.TestBankAccount.extracted(TestBankAccount.java:14)
	at com.exapmple.jacoco_example.TestBankAccount.extracted(TestBankAccount.java:14)
	at com.exapmple.jacoco_example.TestBankAccount.extracted(TestBankAccount.java:14)
	at com.exapmple.jacoco_example.TestBankAccount.extracted(TestBankAccount.java:14)
	at com.exapmple.jacoco_example.TestBankAccount.extracted(TestBankAccount.java:14)
	at com.exapmple.jacoco_example.TestBankAccount.extracted(TestBankAccount.java:14)
	at com.exapmple.jacoco_example.TestBankAccount.extracted(TestBankAccount.java:14)
	at com.exapmple.jacoco_example.TestBankAccount.extracted(TestBankAccount.java:14)
	at com.exapmple.jacoco_example.TestBankAccount.extracted(TestBankAccount.java:14)
	at com.exapmple.jacoco_example.TestBankAccount.extracted(TestBankAccount.java:14)
	at com.exapmple.jacoco_example.TestBankAccount.extracted(TestBankAccount.java:14)
	at com.exapmple.jacoco_example.TestBankAccount.extracted(TestBankAccount.java:14)
	at com.exapmple.jacoco_example.TestBankAccount.extracted(TestBankAccount.java:14)
	at com.exapmple.jacoco_example.TestBankAccount.extracted(TestBankAccount.java:14)
	at com.exapmple.jacoco_example.TestBankAccount.extracted(TestBankAccount.java:14)
	at com.exapmple.jacoco_example.TestBankAccount.extracted(TestBankAccount.java:14)
	at com.exapmple.jacoco_example.TestBankAccount.extracted(TestBankAccount.java:14)
	at com.exapmple.jacoco_example.TestBankAccount.extracted(TestBankAccount.java:14)
	at com.exapmple.jacoco_example.TestBankAccount.extracted(TestBankAccount.java:14)
	at com.exapmple.jacoco_example.TestBankAccount.extracted(TestBankAccount.java:14)
	at com.exapmple.jacoco_example.TestBankAccount.extracted(TestBankAccount.java:14)
	at com.exapmple.jacoco_example.TestBankAccount.extracted(TestBankAccount.java:14)
	at com.exapmple.jacoco_example.TestBankAccount.extracted(TestBankAccount.java:14)
	at com.exapmple.jacoco_example.TestBankAccount.extracted(TestBankAccount.java:14)
	at com.exapmple.jacoco_example.TestBankAccount.extracted(TestBankAccount.java:14)
	at com.exapmple.jacoco_example.TestBankAccount.extracted(TestBankAccount.java:14)
	at com.exapmple.jacoco_example.TestBankAccount.extracted(TestBankAccount.java:14)
	at com.exapmple.jacoco_example.TestBankAccount.extracted(TestBankAccount.java:14)
	at com.exapmple.jacoco_example.TestBankAccount.extracted(TestBankAccount.java:14)
	at com.exapmple.jacoco_example.TestBankAccount.extracted(TestBankAccount.java:14)
	at com.exapmple.jacoco_example.TestBankAccount.extracted(TestBankAccount.java:14)
	at com.exapmple.jacoco_example.TestBankAccount.extracted(TestBankAccount.java:14)
	at com.exapmple.jacoco_example.TestBankAccount.extracted(TestBankAccount.java:14)
	at com.exapmple.jacoco_example.TestBankAccount.extracted(TestBankAccount.java:14)
	at com.exapmple.jacoco_example.TestBankAccount.extracted(TestBankAccount.java:14)
	at com.exapmple.jacoco_example.TestBankAccount.extracted(TestBankAccount.java:14)
	at com.exapmple.jacoco_example.TestBankAccount.extracted(TestBankAccount.java:14)
	at com.exapmple.jacoco_example.TestBankAccount.extracted(TestBankAccount.java:14)
	at com.exapmple.jacoco_example.TestBankAccount.extracted(TestBankAccount.java:14)
	at com.exapmple.jacoco_example.TestBankAccount.extracted(TestBankAccount.java:14)
	at com.exapmple.jacoco_example.TestBankAccount.extracted(TestBankAccount.java:14)
	at com.exapmple.jacoco_example.TestBankAccount.extracted(TestBankAccount.java:14)
	at com.exapmple.jacoco_example.TestBankAccount.extracted(TestBankAccount.java:14)
	at com.exapmple.jacoco_example.TestBankAccount.extracted(TestBankAccount.java:14)
	at com.exapmple.jacoco_example.TestBankAccount.extracted(TestBankAccount.java:14)
	at com.exapmple.jacoco_example.TestBankAccount.extracted(TestBankAccount.java:14)
	at com.exapmple.jacoco_example.TestBankAccount.extracted(TestBankAccount.java:14)
	at com.exapmple.jacoco_example.TestBankAccount.extracted(TestBankAccount.java:14)
	at com.exapmple.jacoco_example.TestBankAccount.extracted(TestBankAccount.java:14)
	at com.exapmple.jacoco_example.TestBankAccount.extracted(TestBankAccount.java:14)
	at com.exapmple.jacoco_example.TestBankAccount.extracted(TestBankAccount.java:14)
	at com.exapmple.jacoco_example.TestBankAccount.extracted(TestBankAccount.java:14)
	at com.exapmple.jacoco_example.TestBankAccount.extracted(TestBankAccount.java:14)
	at com.exapmple.jacoco_example.TestBankAccount.extracted(TestBankAccount.java:14)
	at com.exapmple.jacoco_example.TestBankAccount.extracted(TestBankAccount.java:14)
	at com.exapmple.jacoco_example.TestBankAccount.extracted(TestBankAccount.java:14)
	at com.exapmple.jacoco_example.TestBankAccount.extracted(TestBankAccount.java:14)
	at com.exapmple.jacoco_example.TestBankAccount.extracted(TestBankAccount.java:14)
	at com.exapmple.jacoco_example.TestBankAccount.extracted(TestBankAccount.java:14)
	at com.exapmple.jacoco_example.TestBankAccount.extracted(TestBankAccount.java:14)
	at com.exapmple.jacoco_example.TestBankAccount.extracted(TestBankAccount.java:14)
	at com.exapmple.jacoco_example.TestBankAccount.extracted(TestBankAccount.java:14)
	at com.exapmple.jacoco_example.TestBankAccount.extracted(TestBankAccount.java:14)
	at com.exapmple.jacoco_example.TestBankAccount.extracted(TestBankAccount.java:14)
	at com.exapmple.jacoco_example.TestBankAccount.extracted(TestBankAccount.java:14)
	at com.exapmple.jacoco_example.TestBankAccount.extracted(TestBankAccount.java:14)
	at com.exapmple.jacoco_example.TestBankAccount.extracted(TestBankAccount.java:14)
	at com.exapmple.jacoco_example.TestBankAccount.extracted(TestBankAccount.java:14)
	at com.exapmple.jacoco_example.TestBankAccount.extracted(TestBankAccount.java:14)
	at com.exapmple.jacoco_example.TestBankAccount.extracted(TestBankAccount.java:14)
	at com.exapmple.jacoco_example.TestBankAccount.extracted(TestBankAccount.java:14)
	at com.exapmple.jacoco_example.TestBankAccount.extracted(TestBankAccount.java:14)
	at com.exapmple.jacoco_example.TestBankAccount.extracted(TestBankAccount.java:14)
	at com.exapmple.jacoco_example.TestBankAccount.extracted(TestBankAccount.java:14)
	at com.exapmple.jacoco_example.TestBankAccount.extracted(TestBankAccount.java:14)
	at com.exapmple.jacoco_example.TestBankAccount.extracted(TestBankAccount.java:14)
	at com.exapmple.jacoco_example.TestBankAccount.extracted(TestBankAccount.java:14)
	at com.exapmple.jacoco_example.TestBankAccount.extracted(TestBankAccount.java:14)
	at com.exapmple.jacoco_example.TestBankAccount.extracted(TestBankAccount.java:14)
	at com.exapmple.jacoco_example.TestBankAccount.extracted(TestBankAccount.java:14)
	at com.exapmple.jacoco_example.TestBankAccount.extracted(TestBankAccount.java:14)
	at com.exapmple.jacoco_example.TestBankAccount.extracted(TestBankAccount.java:14)
	at com.exapmple.jacoco_example.TestBankAccount.extracted(TestBankAccount.java:14)
	at com.exapmple.jacoco_example.TestBankAccount.extracted(TestBankAccount.java:14)
	at com.exapmple.jacoco_example.TestBankAccount.extracted(TestBankAccount.java:14)
	at com.exapmple.jacoco_example.TestBankAccount.extracted(TestBankAccount.java:14)
	at com.exapmple.jacoco_example.TestBankAccount.extracted(TestBankAccount.java:14)
	at com.exapmple.jacoco_example.TestBankAccount.extracted(TestBankAccount.java:14)
	at com.exapmple.jacoco_example.TestBankAccount.extracted(TestBankAccount.java:14)
	at com.exapmple.jacoco_example.TestBankAccount.extracted(TestBankAccount.java:14)
	at com.exapmple.jacoco_example.TestBankAccount.extracted(TestBankAccount.java:14)
	at com.exapmple.jacoco_example.TestBankAccount.extracted(TestBankAccount.java:14)
	at com.exapmple.jacoco_example.TestBankAccount.extracted(TestBankAccount.java:14)
	at com.exapmple.jacoco_example.TestBankAccount.extracted(TestBankAccount.java:14)
	at com.exapmple.jacoco_example.TestBankAccount.extracted(TestBankAccount.java:14)
	at com.exapmple.jacoco_example.TestBankAccount.extracted(TestBankAccount.java:14)
	at com.exapmple.jacoco_example.TestBankAccount.extracted(TestBankAccount.java:14)
	at com.exapmple.jacoco_example.TestBankAccount.extracted(TestBankAccount.java:14)
	at com.exapmple.jacoco_example.TestBankAccount.extracted(TestBankAccount.java:14)
	at com.exapmple.jacoco_example.TestBankAccount.extracted(TestBankAccount.java:14)
	at com.exapmple.jacoco_example.TestBankAccount.extracted(TestBankAccount.java:14)
	at com.exapmple.jacoco_example.TestBankAccount.extracted(TestBankAccount.java:14)
	at com.exapmple.jacoco_example.TestBankAccount.extracted(TestBankAccount.java:14)
	at com.exapmple.jacoco_example.TestBankAccount.extracted(TestBankAccount.java:14)
	at com.exapmple.jacoco_example.TestBankAccount.extracted(TestBankAccount.java:14)
	at com.exapmple.jacoco_example.TestBankAccount.extracted(TestBankAccount.java:14)
	at com.exapmple.jacoco_example.TestBankAccount.extracted(TestBankAccount.java:14)
	at com.exapmple.jacoco_example.TestBankAccount.extracted(TestBankAccount.java:14)
	at com.exapmple.jacoco_example.TestBankAccount.extracted(TestBankAccount.java:14)
	at com.exapmple.jacoco_example.TestBankAccount.extracted(TestBankAccount.java:14)
	at com.exapmple.jacoco_example.TestBankAccount.extracted(TestBankAccount.java:14)
	at com.exapmple.jacoco_example.TestBankAccount.extracted(TestBankAccount.java:14)
	at com.exapmple.jacoco_example.TestBankAccount.extracted(TestBankAccount.java:14)
	at com.exapmple.jacoco_example.TestBankAccount.extracted(TestBankAccount.java:14)
	at com.exapmple.jacoco_example.TestBankAccount.extracted(TestBankAccount.java:14)
	at com.exapmple.jacoco_example.TestBankAccount.extracted(TestBankAccount.java:14)
	at com.exapmple.jacoco_example.TestBankAccount.extracted(TestBankAccount.java:14)
	at com.exapmple.jacoco_example.TestBankAccount.extracted(TestBankAccount.java:14)
	at com.exapmple.jacoco_example.TestBankAccount.extracted(TestBankAccount.java:14)
	at com.exapmple.jacoco_example.TestBankAccount.extracted(TestBankAccount.java:14)
	at com.exapmple.jacoco_example.TestBankAccount.extracted(TestBankAccount.java:14)
	at com.exapmple.jacoco_example.TestBankAccount.extracted(TestBankAccount.java:14)
	at com.exapmple.jacoco_example.TestBankAccount.extracted(TestBankAccount.java:14)
	at com.exapmple.jacoco_example.TestBankAccount.extracted(TestBankAccount.java:14)
	at com.exapmple.jacoco_example.TestBankAccount.extracted(TestBankAccount.java:14)
	at com.exapmple.jacoco_example.TestBankAccount.extracted(TestBankAccount.java:14)
	at com.exapmple.jacoco_example.TestBankAccount.extracted(TestBankAccount.java:14)
	at com.exapmple.jacoco_example.TestBankAccount.extracted(TestBankAccount.java:14)
	at com.exapmple.jacoco_example.TestBankAccount.extracted(TestBankAccount.java:14)
	at com.exapmple.jacoco_example.TestBankAccount.extracted(TestBankAccount.java:14)
	at com.exapmple.jacoco_example.TestBankAccount.extracted(TestBankAccount.java:14)
	at com.exapmple.jacoco_example.TestBankAccount.extracted(TestBankAccount.java:14)
	at com.exapmple.jacoco_example.TestBankAccount.extracted(TestBankAccount.java:14)
	at com.exapmple.jacoco_example.TestBankAccount.extracted(TestBankAccount.java:14)
	at com.exapmple.jacoco_example.TestBankAccount.extracted(TestBankAccount.java:14)
	at com.exapmple.jacoco_example.TestBankAccount.extracted(TestBankAccount.java:14)
	at com.exapmple.jacoco_example.TestBankAccount.extracted(TestBankAccount.java:14)
	at com.exapmple.jacoco_example.TestBankAccount.extracted(TestBankAccount.java:14)
	at com.exapmple.jacoco_example.TestBankAccount.extracted(TestBankAccount.java:14)
	at com.exapmple.jacoco_example.TestBankAccount.extracted(TestBankAccount.java:14)
	at com.exapmple.jacoco_example.TestBankAccount.extracted(TestBankAccount.java:14)
	at com.exapmple.jacoco_example.TestBankAccount.extracted(TestBankAccount.java:14)
	at com.exapmple.jacoco_example.TestBankAccount.extracted(TestBankAccount.java:14)
	at com.exapmple.jacoco_example.TestBankAccount.extracted(TestBankAccount.java:14)
	at com.exapmple.jacoco_example.TestBankAccount.extracted(TestBankAccount.java:14)
	at com.exapmple.jacoco_example.TestBankAccount.extracted(TestBankAccount.java:14)
	at com.exapmple.jacoco_example.TestBankAccount.extracted(TestBankAccount.java:14)
	at com.exapmple.jacoco_example.TestBankAccount.extracted(TestBankAccount.java:14)
	at com.exapmple.jacoco_example.TestBankAccount.extracted(TestBankAccount.java:14)
	at com.exapmple.jacoco_example.TestBankAccount.extracted(TestBankAccount.java:14)
	at com.exapmple.jacoco_example.TestBankAccount.extracted(TestBankAccount.java:14)
	at com.exapmple.jacoco_example.TestBankAccount.extracted(TestBankAccount.java:14)
	at com.exapmple.jacoco_example.TestBankAccount.extracted(TestBankAccount.java:14)
	at com.exapmple.jacoco_example.TestBankAccount.extracted(TestBankAccount.java:14)
	at com.exapmple.jacoco_example.TestBankAccount.extracted(TestBankAccount.java:14)
	at com.exapmple.jacoco_example.TestBankAccount.extracted(TestBankAccount.java:14)
	at com.exapmple.jacoco_example.TestBankAccount.extracted(TestBankAccount.java:14)
	at com.exapmple.jacoco_example.TestBankAccount.extracted(TestBankAccount.java:14)
	at com.exapmple.jacoco_example.TestBankAccount.extracted(TestBankAccount.java:14)
	at com.exapmple.jacoco_example.TestBankAccount.extracted(TestBankAccount.java:14)
	at com.exapmple.jacoco_example.TestBankAccount.extracted(TestBankAccount.java:14)
	at com.exapmple.jacoco_example.TestBankAccount.extracted(TestBankAccount.java:14)
	at com.exapmple.jacoco_example.TestBankAccount.extracted(TestBankAccount.java:14)
	at com.exapmple.jacoco_example.TestBankAccount.extracted(TestBankAccount.java:14)
	at com.exapmple.jacoco_example.TestBankAccount.extracted(TestBankAccount.java:14)
	at com.exapmple.jacoco_example.TestBankAccount.extracted(TestBankAccount.java:14)
	at com.exapmple.jacoco_example.TestBankAccount.extracted(TestBankAccount.java:14)
	at com.exapmple.jacoco_example.TestBankAccount.extracted(TestBankAccount.java:14)
	at com.exapmple.jacoco_example.TestBankAccount.extracted(TestBankAccount.java:14)
	at com.exapmple.jacoco_example.TestBankAccount.extracted(TestBankAccount.java:14)
	at com.exapmple.jacoco_example.TestBankAccount.extracted(TestBankAccount.java:14)
	at com.exapmple.jacoco_example.TestBankAccount.extracted(TestBankAccount.java:14)
	at com.exapmple.jacoco_example.TestBankAccount.extracted(TestBankAccount.java:14)
	at com.exapmple.jacoco_example.TestBankAccount.extracted(TestBankAccount.java:14)
	at com.exapmple.jacoco_example.TestBankAccount.extracted(TestBankAccount.java:14)
	at com.exapmple.jacoco_example.TestBankAccount.extracted(TestBankAccount.java:14)
	at com.exapmple.jacoco_example.TestBankAccount.extracted(TestBankAccount.java:14)
	at com.exapmple.jacoco_example.TestBankAccount.extracted(TestBankAccount.java:14)
	at com.exapmple.jacoco_example.TestBankAccount.extracted(TestBankAccount.java:14)
	at com.exapmple.jacoco_example.TestBankAccount.extracted(TestBankAccount.java:14)
	at com.exapmple.jacoco_example.TestBankAccount.extracted(TestBankAccount.java:14)
	at com.exapmple.jacoco_example.TestBankAccount.extracted(TestBankAccount.java:14)
	at com.exapmple.jacoco_example.TestBankAccount.extracted(TestBankAccount.java:14)
	at com.exapmple.jacoco_example.TestBankAccount.extracted(TestBankAccount.java:14)
	at com.exapmple.jacoco_example.TestBankAccount.extracted(TestBankAccount.java:14)
	at com.exapmple.jacoco_example.TestBankAccount.extracted(TestBankAccount.java:14)
	at com.exapmple.jacoco_example.TestBankAccount.extracted(TestBankAccount.java:14)
	at com.exapmple.jacoco_example.TestBankAccount.extracted(TestBankAccount.java:14)
	at com.exapmple.jacoco_example.TestBankAccount.extracted(TestBankAccount.java:14)
	at com.exapmple.jacoco_example.TestBankAccount.extracted(TestBankAccount.java:14)
	at com.exapmple.jacoco_example.TestBankAccount.extracted(TestBankAccount.java:14)
	at com.exapmple.jacoco_example.TestBankAccount.extracted(TestBankAccount.java:14)
	at com.exapmple.jacoco_example.TestBankAccount.extracted(TestBankAccount.java:14)
	at com.exapmple.jacoco_example.TestBankAccount.extracted(TestBankAccount.java:14)
	at com.exapmple.jacoco_example.TestBankAccount.extracted(TestBankAccount.java:14)
	at com.exapmple.jacoco_example.TestBankAccount.extracted(TestBankAccount.java:14)
	at com.exapmple.jacoco_example.TestBankAccount.extracted(TestBankAccount.java:14)
	at com.exapmple.jacoco_example.TestBankAccount.extracted(TestBankAccount.java:14)
	at com.exapmple.jacoco_example.TestBankAccount.extracted(TestBankAccount.java:14)
	at com.exapmple.jacoco_example.TestBankAccount.extracted(TestBankAccount.java:14)
	at com.exapmple.jacoco_example.TestBankAccount.extracted(TestBankAccount.java:14)
	at com.exapmple.jacoco_example.TestBankAccount.extracted(TestBankAccount.java:14)
	at com.exapmple.jacoco_example.TestBankAccount.extracted(TestBankAccount.java:14)
	at com.exapmple.jacoco_example.TestBankAccount.extracted(TestBankAccount.java:14)
	at com.exapmple.jacoco_example.TestBankAccount.extracted(TestBankAccount.java:14)
	at com.exapmple.jacoco_example.TestBankAccount.extracted(TestBankAccount.java:14)
	at com.exapmple.jacoco_example.TestBankAccount.extracted(TestBankAccount.java:14)
	at com.exapmple.jacoco_example.TestBankAccount.extracted(TestBankAccount.java:14)
	at com.exapmple.jacoco_example.TestBankAccount.extracted(TestBankAccount.java:14)
	at com.exapmple.jacoco_example.TestBankAccount.extracted(TestBankAccount.java:14)
	at com.exapmple.jacoco_example.TestBankAccount.extracted(TestBankAccount.java:14)
	at com.exapmple.jacoco_example.TestBankAccount.extracted(TestBankAccount.java:14)
	at com.exapmple.jacoco_example.TestBankAccount.extracted(TestBankAccount.java:14)
	at com.exapmple.jacoco_example.TestBankAccount.extracted(TestBankAccount.java:14)
	at com.exapmple.jacoco_example.TestBankAccount.extracted(TestBankAccount.java:14)
	at com.exapmple.jacoco_example.TestBankAccount.extracted(TestBankAccount.java:14)
	at com.exapmple.jacoco_example.TestBankAccount.extracted(TestBankAccount.java:14)
	at com.exapmple.jacoco_example.TestBankAccount.extracted(TestBankAccount.java:14)
	at com.exapmple.jacoco_example.TestBankAccount.extracted(TestBankAccount.java:14)
	at com.exapmple.jacoco_example.TestBankAccount.extracted(TestBankAccount.java:14)
	at com.exapmple.jacoco_example.TestBankAccount.extracted(TestBankAccount.java:14)
	at com.exapmple.jacoco_example.TestBankAccount.extracted(TestBankAccount.java:14)
	at com.exapmple.jacoco_example.TestBankAccount.extracted(TestBankAccount.java:14)
	at com.exapmple.jacoco_example.TestBankAccount.extracted(TestBankAccount.java:14)
	at com.exapmple.jacoco_example.TestBankAccount.extracted(TestBankAccount.java:14)
	at com.exapmple.jacoco_example.TestBankAccount.extracted(TestBankAccount.java:14)
	at com.exapmple.jacoco_example.TestBankAccount.extracted(TestBankAccount.java:14)
	at com.exapmple.jacoco_example.TestBankAccount.extracted(TestBankAccount.java:14)
	at com.exapmple.jacoco_example.TestBankAccount.extracted(TestBankAccount.java:14)
	at com.exapmple.jacoco_example.TestBankAccount.extracted(TestBankAccount.java:14)
	at com.exapmple.jacoco_example.TestBankAccount.extracted(TestBankAccount.java:14)
	at com.exapmple.jacoco_example.TestBankAccount.extracted(TestBankAccount.java:14)
	at com.exapmple.jacoco_example.TestBankAccount.extracted(TestBankAccount.java:14)
	at com.exapmple.jacoco_example.TestBankAccount.extracted(TestBankAccount.java:14)
	at com.exapmple.jacoco_example.TestBankAccount.extracted(TestBankAccount.java:14)
	at com.exapmple.jacoco_example.TestBankAccount.extracted(TestBankAccount.java:14)
	at com.exapmple.jacoco_example.TestBankAccount.extracted(TestBankAccount.java:14)
	at com.exapmple.jacoco_example.TestBankAccount.extracted(TestBankAccount.java:14)
	at com.exapmple.jacoco_example.TestBankAccount.extracted(TestBankAccount.java:14)
	at com.exapmple.jacoco_example.TestBankAccount.extracted(TestBankAccount.java:14)
	at com.exapmple.jacoco_example.TestBankAccount.extracted(TestBankAccount.java:14)
	at com.exapmple.jacoco_example.TestBankAccount.extracted(TestBankAccount.java:14)
	at com.exapmple.jacoco_example.TestBankAccount.extracted(TestBankAccount.java:14)
	at com.exapmple.jacoco_example.TestBankAccount.extracted(TestBankAccount.java:14)
	at com.exapmple.jacoco_example.TestBankAccount.extracted(TestBankAccount.java:14)
	at com.exapmple.jacoco_example.TestBankAccount.extracted(TestBankAccount.java:14)
	at com.exapmple.jacoco_example.TestBankAccount.extracted(TestBankAccount.java:14)
	at com.exapmple.jacoco_example.TestBankAccount.extracted(TestBankAccount.java:14)
	at com.exapmple.jacoco_example.TestBankAccount.extracted(TestBankAccount.java:14)
	at com.exapmple.jacoco_example.TestBankAccount.extracted(TestBankAccount.java:14)
	at com.exapmple.jacoco_example.TestBankAccount.extracted(TestBankAccount.java:14)
	at com.exapmple.jacoco_example.TestBankAccount.extracted(TestBankAccount.java:14)
	at com.exapmple.jacoco_example.TestBankAccount.extracted(TestBankAccount.java:14)
	at com.exapmple.jacoco_example.TestBankAccount.extracted(TestBankAccount.java:14)
	at com.exapmple.jacoco_example.TestBankAccount.extracted(TestBankAccount.java:14)
	at com.exapmple.jacoco_example.TestBankAccount.extracted(TestBankAccount.java:14)
	at com.exapmple.jacoco_example.TestBankAccount.extracted(TestBankAccount.java:14)
	at com.exapmple.jacoco_example.TestBankAccount.extracted(TestBankAccount.java:14)
	at com.exapmple.jacoco_example.TestBankAccount.extracted(TestBankAccount.java:14)
	at com.exapmple.jacoco_example.TestBankAccount.extracted(TestBankAccount.java:14)
	at com.exapmple.jacoco_example.TestBankAccount.extracted(TestBankAccount.java:14)
	at com.exapmple.jacoco_example.TestBankAccount.extracted(TestBankAccount.java:14)
	at com.exapmple.jacoco_example.TestBankAccount.extracted(TestBankAccount.java:14)
	at com.exapmple.jacoco_example.TestBankAccount.extracted(TestBankAccount.java:14)
	at com.exapmple.jacoco_example.TestBankAccount.extracted(TestBankAccount.java:14)
	at com.exapmple.jacoco_example.TestBankAccount.extracted(TestBankAccount.java:14)
	at com.exapmple.jacoco_example.TestBankAccount.extracted(TestBankAccount.java:14)
	at com.exapmple.jacoco_example.TestBankAccount.extracted(TestBankAccount.java:14)
	at com.exapmple.jacoco_example.TestBankAccount.extracted(TestBankAccount.java:14)
	at com.exapmple.jacoco_example.TestBankAccount.extracted(TestBankAccount.java:14)
	at com.exapmple.jacoco_example.TestBankAccount.extracted(TestBankAccount.java:14)
	at com.exapmple.jacoco_example.TestBankAccount.extracted(TestBankAccount.java:14)
	at com.exapmple.jacoco_example.TestBankAccount.extracted(TestBankAccount.java:14)
	at com.exapmple.jacoco_example.TestBankAccount.extracted(TestBankAccount.java:14)
	at com.exapmple.jacoco_example.TestBankAccount.extracted(TestBankAccount.java:14)
	at com.exapmple.jacoco_example.TestBankAccount.extracted(TestBankAccount.java:14)
	at com.exapmple.jacoco_example.TestBankAccount.extracted(TestBankAccount.java:14)
	at com.exapmple.jacoco_example.TestBankAccount.extracted(TestBankAccount.java:14)
	at com.exapmple.jacoco_example.TestBankAccount.extracted(TestBankAccount.java:14)
	at com.exapmple.jacoco_example.TestBankAccount.extracted(TestBankAccount.java:14)
	at com.exapmple.jacoco_example.TestBankAccount.extracted(TestBankAccount.java:14)
	at com.exapmple.jacoco_example.TestBankAccount.extracted(TestBankAccount.java:14)
	at com.exapmple.jacoco_example.TestBankAccount.extracted(TestBankAccount.java:14)
	at com.exapmple.jacoco_example.TestBankAccount.extracted(TestBankAccount.java:14)
	at com.exapmple.jacoco_example.TestBankAccount.extracted(TestBankAccount.java:14)
	at com.exapmple.jacoco_example.TestBankAccount.extracted(TestBankAccount.java:14)
	at com.exapmple.jacoco_example.TestBankAccount.extracted(TestBankAccount.java:14)
	at com.exapmple.jacoco_example.TestBankAccount.extracted(TestBankAccount.java:14)
	at com.exapmple.jacoco_example.TestBankAccount.extracted(TestBankAccount.java:14)
	at com.exapmple.jacoco_example.TestBankAccount.extracted(TestBankAccount.java:14)
	at com.exapmple.jacoco_example.TestBankAccount.extracted(TestBankAccount.java:14)
	at com.exapmple.jacoco_example.TestBankAccount.extracted(TestBankAccount.java:14)
	at com.exapmple.jacoco_example.TestBankAccount.extracted(TestBankAccount.java:14)
	at com.exapmple.jacoco_example.TestBankAccount.extracted(TestBankAccount.java:14)
	at com.exapmple.jacoco_example.TestBankAccount.extracted(TestBankAccount.java:14)
	at com.exapmple.jacoco_example.TestBankAccount.extracted(TestBankAccount.java:14)
	at com.exapmple.jacoco_example.TestBankAccount.extracted(TestBankAccount.java:14)
	at com.exapmple.jacoco_example.TestBankAccount.extracted(TestBankAccount.java:14)
	at com.exapmple.jacoco_example.TestBankAccount.extracted(TestBankAccount.java:14)
	at com.exapmple.jacoco_example.TestBankAccount.extracted(TestBankAccount.java:14)
	at com.exapmple.jacoco_example.TestBankAccount.extracted(TestBankAccount.java:14)
	at com.exapmple.jacoco_example.TestBankAccount.extracted(TestBankAccount.java:14)
	at com.exapmple.jacoco_example.TestBankAccount.extracted(TestBankAccount.java:14)
	at com.exapmple.jacoco_example.TestBankAccount.extracted(TestBankAccount.java:14)
	at com.exapmple.jacoco_example.TestBankAccount.extracted(TestBankAccount.java:14)
	at com.exapmple.jacoco_example.TestBankAccount.extracted(TestBankAccount.java:14)
	at com.exapmple.jacoco_example.TestBankAccount.extracted(TestBankAccount.java:14)
	at com.exapmple.jacoco_example.TestBankAccount.extracted(TestBankAccount.java:14)
	at com.exapmple.jacoco_example.TestBankAccount.extracted(TestBankAccount.java:14)
	at com.exapmple.jacoco_example.TestBankAccount.extracted(TestBankAccount.java:14)
	at com.exapmple.jacoco_example.TestBankAccount.extracted(TestBankAccount.java:14)
	at com.exapmple.jacoco_example.TestBankAccount.extracted(TestBankAccount.java:14)
	at com.exapmple.jacoco_example.TestBankAccount.extracted(TestBankAccount.java:14)
	at com.exapmple.jacoco_example.TestBankAccount.extracted(TestBankAccount.java:14)
	at com.exapmple.jacoco_example.TestBankAccount.extracted(TestBankAccount.java:14)
	at com.exapmple.jacoco_example.TestBankAccount.extracted(TestBankAccount.java:14)
	at com.exapmple.jacoco_example.TestBankAccount.extracted(TestBankAccount.java:14)
	at com.exapmple.jacoco_example.TestBankAccount.extracted(TestBankAccount.java:14)
	at com.exapmple.jacoco_example.TestBankAccount.extracted(TestBankAccount.java:14)
	at com.exapmple.jacoco_example.TestBankAccount.extracted(TestBankAccount.java:14)
	at com.exapmple.jacoco_example.TestBankAccount.extracted(TestBankAccount.java:14)
	at com.exapmple.jacoco_example.TestBankAccount.extracted(TestBankAccount.java:14)
	at com.exapmple.jacoco_example.TestBankAccount.extracted(TestBankAccount.java:14)
	at com.exapmple.jacoco_example.TestBankAccount.extracted(TestBankAccount.java:14)
	at com.exapmple.jacoco_example.TestBankAccount.extracted(TestBankAccount.java:14)
	at com.exapmple.jacoco_example.TestBankAccount.extracted(TestBankAccount.java:14)
	at com.exapmple.jacoco_example.TestBankAccount.extracted(TestBankAccount.java:14)
	at com.exapmple.jacoco_example.TestBankAccount.extracted(TestBankAccount.java:14)
	at com.exapmple.jacoco_example.TestBankAccount.extracted(TestBankAccount.java:14)
	at com.exapmple.jacoco_example.TestBankAccount.extracted(TestBankAccount.java:14)
	at com.exapmple.jacoco_example.TestBankAccount.extracted(TestBankAccount.java:14)
	at com.exapmple.jacoco_example.TestBankAccount.extracted(TestBankAccount.java:14)
	at com.exapmple.jacoco_example.TestBankAccount.extracted(TestBankAccount.java:14)
	at com.exapmple.jacoco_example.TestBankAccount.extracted(TestBankAccount.java:14)
	at com.exapmple.jacoco_example.TestBankAccount.extracted(TestBankAccount.java:14)
	at com.exapmple.jacoco_example.TestBankAccount.extracted(TestBankAccount.java:14)
	at com.exapmple.jacoco_example.TestBankAccount.extracted(TestBankAccount.java:14)
	at com.exapmple.jacoco_example.TestBankAccount.extracted(TestBankAccount.java:14)
	at com.exapmple.jacoco_example.TestBankAccount.extracted(TestBankAccount.java:14)
	at com.exapmple.jacoco_example.TestBankAccount.extracted(TestBankAccount.java:14)
	at com.exapmple.jacoco_example.TestBankAccount.extracted(TestBankAccount.java:14)
	at com.exapmple.jacoco_example.TestBankAccount.extracted(TestBankAccount.java:14)
	at com.exapmple.jacoco_example.TestBankAccount.extracted(TestBankAccount.java:14)
	at com.exapmple.jacoco_example.TestBankAccount.extracted(TestBankAccount.java:14)
	at com.exapmple.jacoco_example.TestBankAccount.extracted(TestBankAccount.java:14)
	at com.exapmple.jacoco_example.TestBankAccount.extracted(TestBankAccount.java:14)
	at com.exapmple.jacoco_example.TestBankAccount.extracted(TestBankAccount.java:14)
	at com.exapmple.jacoco_example.TestBankAccount.extracted(TestBankAccount.java:14)
	at com.exapmple.jacoco_example.TestBankAccount.extracted(TestBankAccount.java:14)
	at com.exapmple.jacoco_example.TestBankAccount.extracted(TestBankAccount.java:14)
	at com.exapmple.jacoco_example.TestBankAccount.extracted(TestBankAccount.java:14)
	at com.exapmple.jacoco_example.TestBankAccount.extracted(TestBankAccount.java:14)
	at com.exapmple.jacoco_example.TestBankAccount.extracted(TestBankAccount.java:14)
	at com.exapmple.jacoco_example.TestBankAccount.extracted(TestBankAccount.java:14)
	at com.exapmple.jacoco_example.TestBankAccount.extracted(TestBankAccount.java:14)
	at com.exapmple.jacoco_example.TestBankAccount.extracted(TestBankAccount.java:14)
	at com.exapmple.jacoco_example.TestBankAccount.extracted(TestBankAccount.java:14)
	at com.exapmple.jacoco_example.TestBankAccount.extracted(TestBankAccount.java:14)
	at com.exapmple.jacoco_example.TestBankAccount.extracted(TestBankAccount.java:14)
	at com.exapmple.jacoco_example.TestBankAccount.extracted(TestBankAccount.java:14)
	at com.exapmple.jacoco_example.TestBankAccount.extracted(TestBankAccount.java:14)
	at com.exapmple.jacoco_example.TestBankAccount.extracted(TestBankAccount.java:14)
	at com.exapmple.jacoco_example.TestBankAccount.extracted(TestBankAccount.java:14)
	at com.exapmple.jacoco_example.TestBankAccount.extracted(TestBankAccount.java:14)
	at com.exapmple.jacoco_example.TestBankAccount.extracted(TestBankAccount.java:14)
	at com.exapmple.jacoco_example.TestBankAccount.extracted(TestBankAccount.java:14)
	at com.exapmple.jacoco_example.TestBankAccount.extracted(TestBankAccount.java:14)
	at com.exapmple.jacoco_example.TestBankAccount.extracted(TestBankAccount.java:14)
	at com.exapmple.jacoco_example.TestBankAccount.extracted(TestBankAccount.java:14)
	at com.exapmple.jacoco_example.TestBankAccount.extracted(TestBankAccount.java:14)
	at com.exapmple.jacoco_example.TestBankAccount.extracted(TestBankAccount.java:14)
	at com.exapmple.jacoco_example.TestBankAccount.extracted(TestBankAccount.java:14)
	at com.exapmple.jacoco_example.TestBankAccount.extracted(TestBankAccount.java:14)
	at com.exapmple.jacoco_example.TestBankAccount.extracted(TestBankAccount.java:14)
	at com.exapmple.jacoco_example.TestBankAccount.extracted(TestBankAccount.java:14)
	at com.exapmple.jacoco_example.TestBankAccount.extracted(TestBankAccount.java:14)
	at com.exapmple.jacoco_example.TestBankAccount.extracted(TestBankAccount.java:14)
	at com.exapmple.jacoco_example.TestBankAccount.extracted(TestBankAccount.java:14)
	at com.exapmple.jacoco_example.TestBankAccount.extracted(TestBankAccount.java:14)
	at com.exapmple.jacoco_example.TestBankAccount.extracted(TestBankAccount.java:14)
	at com.exapmple.jacoco_example.TestBankAccount.extracted(TestBankAccount.java:14)
	at com.exapmple.jacoco_example.TestBankAccount.extracted(TestBankAccount.java:14)
	at com.exapmple.jacoco_example.TestBankAccount.extracted(TestBankAccount.java:14)
	at com.exapmple.jacoco_example.TestBankAccount.extracted(TestBankAccount.java:14)
	at com.exapmple.jacoco_example.TestBankAccount.extracted(TestBankAccount.java:14)
	at com.exapmple.jacoco_example.TestBankAccount.extracted(TestBankAccount.java:14)
	at com.exapmple.jacoco_example.TestBankAccount.extracted(TestBankAccount.java:14)
	at com.exapmple.jacoco_example.TestBankAccount.extracted(TestBankAccount.java:14)
	at com.exapmple.jacoco_example.TestBankAccount.extracted(TestBankAccount.java:14)
	at com.exapmple.jacoco_example.TestBankAccount.extracted(TestBankAccount.java:14)
	at com.exapmple.jacoco_example.TestBankAccount.extracted(TestBankAccount.java:14)
	at com.exapmple.jacoco_example.TestBankAccount.extracted(TestBankAccount.java:14)
	at com.exapmple.jacoco_example.TestBankAccount.extracted(TestBankAccount.java:14)
	at com.exapmple.jacoco_example.TestBankAccount.extracted(TestBankAccount.java:14)
	at com.exapmple.jacoco_example.TestBankAccount.extracted(TestBankAccount.java:14)
	at com.exapmple.jacoco_example.TestBankAccount.extracted(TestBankAccount.java:14)
	at com.exapmple.jacoco_example.TestBankAccount.extracted(TestBankAccount.java:14)
	at com.exapmple.jacoco_example.TestBankAccount.extracted(TestBankAccount.java:14)
	at com.exapmple.jacoco_example.TestBankAccount.extracted(TestBankAccount.java:14)
	at com.exapmple.jacoco_example.TestBankAccount.extracted(TestBankAccount.java:14)
	at com.exapmple.jacoco_example.TestBankAccount.extracted(TestBankAccount.java:14)
	at com.exapmple.jacoco_example.TestBankAccount.extracted(TestBankAccount.java:14)
	at com.exapmple.jacoco_example.TestBankAccount.extracted(TestBankAccount.java:14)
	at com.exapmple.jacoco_example.TestBankAccount.extracted(TestBankAccount.java:14)
	at com.exapmple.jacoco_example.TestBankAccount.extracted(TestBankAccount.java:14)
	at com.exapmple.jacoco_example.TestBankAccount.extracted(TestBankAccount.java:14)
	at com.exapmple.jacoco_example.TestBankAccount.extracted(TestBankAccount.java:14)
	at com.exapmple.jacoco_example.TestBankAccount.extracted(TestBankAccount.java:14)
	at com.exapmple.jacoco_example.TestBankAccount.extracted(TestBankAccount.java:14)
	at com.exapmple.jacoco_example.TestBankAccount.extracted(TestBankAccount.java:14)
	at com.exapmple.jacoco_example.TestBankAccount.extracted(TestBankAccount.java:14)
	at com.exapmple.jacoco_example.TestBankAccount.extracted(TestBankAccount.java:14)
	at com.exapmple.jacoco_example.TestBankAccount.extracted(TestBankAccount.java:14)
	at com.exapmple.jacoco_example.TestBankAccount.extracted(TestBankAccount.java:14)
	at com.exapmple.jacoco_example.TestBankAccount.extracted(TestBankAccount.java:14)
	at com.exapmple.jacoco_example.TestBankAccount.extracted(TestBankAccount.java:14)
	at com.exapmple.jacoco_example.TestBankAccount.extracted(TestBankAccount.java:14)
	at com.exapmple.jacoco_example.TestBankAccount.extracted(TestBankAccount.java:14)
	at com.exapmple.jacoco_example.TestBankAccount.extracted(TestBankAccount.java:14)
	at com.exapmple.jacoco_example.TestBankAccount.extracted(TestBankAccount.java:14)
	at com.exapmple.jacoco_example.TestBankAccount.extracted(TestBankAccount.java:14)
	at com.exapmple.jacoco_example.TestBankAccount.extracted(TestBankAccount.java:14)
	at com.exapmple.jacoco_example.TestBankAccount.extracted(TestBankAccount.java:14)
	at com.exapmple.jacoco_example.TestBankAccount.extracted(TestBankAccount.java:14)
	at com.exapmple.jacoco_example.TestBankAccount.extracted(TestBankAccount.java:14)
	at com.exapmple.jacoco_example.TestBankAccount.extracted(TestBankAccount.java:14)
	at com.exapmple.jacoco_example.TestBankAccount.extracted(TestBankAccount.java:14)
	at com.exapmple.jacoco_example.TestBankAccount.extracted(TestBankAccount.java:14)
	at com.exapmple.jacoco_example.TestBankAccount.extracted(TestBankAccount.java:14)
	at com.exapmple.jacoco_example.TestBankAccount.extracted(TestBankAccount.java:14)
	at com.exapmple.jacoco_example.TestBankAccount.extracted(TestBankAccount.java:14)
	at com.exapmple.jacoco_example.TestBankAccount.extracted(TestBankAccount.java:14)
	at com.exapmple.jacoco_example.TestBankAccount.extracted(TestBankAccount.java:14)
	at com.exapmple.jacoco_example.TestBankAccount.extracted(TestBankAccount.java:14)
	at com.exapmple.jacoco_example.TestBankAccount.extracted(TestBankAccount.java:14)
	at com.exapmple.jacoco_example.TestBankAccount.extracted(TestBankAccount.java:14)
	at com.exapmple.jacoco_example.TestBankAccount.extracted(TestBankAccount.java:14)
	at com.exapmple.jacoco_example.TestBankAccount.extracted(TestBankAccount.java:14)
	at com.exapmple.jacoco_example.TestBankAccount.extracted(TestBankAccount.java:14)
	at com.exapmple.jacoco_example.TestBankAccount.extracted(TestBankAccount.java:14)
	at com.exapmple.jacoco_example.TestBankAccount.extracted(TestBankAccount.java:14)
	at com.exapmple.jacoco_example.TestBankAccount.extracted(TestBankAccount.java:14)
	at com.exapmple.jacoco_example.TestBankAccount.extracted(TestBankAccount.java:14)
	at com.exapmple.jacoco_example.TestBankAccount.extracted(TestBankAccount.java:14)
	at com.exapmple.jacoco_example.TestBankAccount.extracted(TestBankAccount.java:14)
	at com.exapmple.jacoco_example.TestBankAccount.extracted(TestBankAccount.java:14)
	at com.exapmple.jacoco_example.TestBankAccount.extracted(TestBankAccount.java:14)
	at com.exapmple.jacoco_example.TestBankAccount.extracted(TestBankAccount.java:14)
	at com.exapmple.jacoco_example.TestBankAccount.extracted(TestBankAccount.java:14)
	at com.exapmple.jacoco_example.TestBankAccount.extracted(TestBankAccount.java:14)
	at com.exapmple.jacoco_example.TestBankAccount.extracted(TestBankAccount.java:14)
	at com.exapmple.jacoco_example.TestBankAccount.extracted(TestBankAccount.java:14)
	at com.exapmple.jacoco_example.TestBankAccount.extracted(TestBankAccount.java:14)
	at com.exapmple.jacoco_example.TestBankAccount.extracted(TestBankAccount.java:14)
	at com.exapmple.jacoco_example.TestBankAccount.extracted(TestBankAccount.java:14)
	at com.exapmple.jacoco_example.TestBankAccount.extracted(TestBankAccount.java:14)
	at com.exapmple.jacoco_example.TestBankAccount.extracted(TestBankAccount.java:14)
	at com.exapmple.jacoco_example.TestBankAccount.extracted(TestBankAccount.java:14)
	at com.exapmple.jacoco_example.TestBankAccount.extracted(TestBankAccount.java:14)
	at com.exapmple.jacoco_example.TestBankAccount.extracted(TestBankAccount.java:14)
	at com.exapmple.jacoco_example.TestBankAccount.extracted(TestBankAccount.java:14)
	at com.exapmple.jacoco_example.TestBankAccount.extracted(TestBankAccount.java:14)
	at com.exapmple.jacoco_example.TestBankAccount.extracted(TestBankAccount.java:14)
	at com.exapmple.jacoco_example.TestBankAccount.extracted(TestBankAccount.java:14)
	at com.exapmple.jacoco_example.TestBankAccount.extracted(TestBankAccount.java:14)
	at com.exapmple.jacoco_example.TestBankAccount.extracted(TestBankAccount.java:14)
	at com.exapmple.jacoco_example.TestBankAccount.extracted(TestBankAccount.java:14)
	at com.exapmple.jacoco_example.TestBankAccount.extracted(TestBankAccount.java:14)
	at com.exapmple.jacoco_example.TestBankAccount.extracted(TestBankAccount.java:14)
	at com.exapmple.jacoco_example.TestBankAccount.extracted(TestBankAccount.java:14)
	at com.exapmple.jacoco_example.TestBankAccount.extracted(TestBankAccount.java:14)
	at com.exapmple.jacoco_example.TestBankAccount.extracted(TestBankAccount.java:14)
	at com.exapmple.jacoco_example.TestBankAccount.extracted(TestBankAccount.java:14)
	at com.exapmple.jacoco_example.TestBankAccount.extracted(TestBankAccount.java:14)
	at com.exapmple.jacoco_example.TestBankAccount.extracted(TestBankAccount.java:14)
	at com.exapmple.jacoco_example.TestBankAccount.extracted(TestBankAccount.java:14)
	at com.exapmple.jacoco_example.TestBankAccount.extracted(TestBankAccount.java:14)
	at com.exapmple.jacoco_example.TestBankAccount.extracted(TestBankAccount.java:14)
	at com.exapmple.jacoco_example.TestBankAccount.extracted(TestBankAccount.java:14)
	at com.exapmple.jacoco_example.TestBankAccount.extracted(TestBankAccount.java:14)
	at com.exapmple.jacoco_example.TestBankAccount.extracted(TestBankAccount.java:14)
	at com.exapmple.jacoco_example.TestBankAccount.extracted(TestBankAccount.java:14)
	at com.exapmple.jacoco_example.TestBankAccount.extracted(TestBankAccount.java:14)
	at com.exapmple.jacoco_example.TestBankAccount.extracted(TestBankAccount.java:14)
	at com.exapmple.jacoco_example.TestBankAccount.extracted(TestBankAccount.java:14)
	at com.exapmple.jacoco_example.TestBankAccount.extracted(TestBankAccount.java:14)
	at com.exapmple.jacoco_example.TestBankAccount.extracted(TestBankAccount.java:14)
	at com.exapmple.jacoco_example.TestBankAccount.extracted(TestBankAccount.java:14)
	at com.exapmple.jacoco_example.TestBankAccount.extracted(TestBankAccount.java:14)
	at com.exapmple.jacoco_example.TestBankAccount.extracted(TestBankAccount.java:14)
	at com.exapmple.jacoco_example.TestBankAccount.extracted(TestBankAccount.java:14)
	at com.exapmple.jacoco_example.TestBankAccount.extracted(TestBankAccount.java:14)
	at com.exapmple.jacoco_example.TestBankAccount.extracted(TestBankAccount.java:14)
	at com.exapmple.jacoco_example.TestBankAccount.extracted(TestBankAccount.java:14)
	at com.exapmple.jacoco_example.TestBankAccount.extracted(TestBankAccount.java:14)
	at com.exapmple.jacoco_example.TestBankAccount.extracted(TestBankAccount.java:14)
	at com.exapmple.jacoco_example.TestBankAccount.extracted(TestBankAccount.java:14)
	at com.exapmple.jacoco_example.TestBankAccount.extracted(TestBankAccount.java:14)
	at com.exapmple.jacoco_example.TestBankAccount.extracted(TestBankAccount.java:14)
	at com.exapmple.jacoco_example.TestBankAccount.extracted(TestBankAccount.java:14)
	at com.exapmple.jacoco_example.TestBankAccount.extracted(TestBankAccount.java:14)
	at com.exapmple.jacoco_example.TestBankAccount.extracted(TestBankAccount.java:14)
	at com.exapmple.jacoco_example.TestBankAccount.extracted(TestBankAccount.java:14)
	at com.exapmple.jacoco_example.TestBankAccount.extracted(TestBankAccount.java:14)
	at com.exapmple.jacoco_example.TestBankAccount.extracted(TestBankAccount.java:14)
	at com.exapmple.jacoco_example.TestBankAccount.extracted(TestBankAccount.java:14)
	at com.exapmple.jacoco_example.TestBankAccount.extracted(TestBankAccount.java:14)
	at com.exapmple.jacoco_example.TestBankAccount.extracted(TestBankAccount.java:14)
	at com.exapmple.jacoco_example.TestBankAccount.extracted(TestBankAccount.java:14)
	at com.exapmple.jacoco_example.TestBankAccount.extracted(TestBankAccount.java:14)
	at com.exapmple.jacoco_example.TestBankAccount.extracted(TestBankAccount.java:14)
	at com.exapmple.jacoco_example.TestBankAccount.extracted(TestBankAccount.java:14)
	at com.exapmple.jacoco_example.TestBankAccount.extracted(TestBankAccount.java:14)
	at com.exapmple.jacoco_example.TestBankAccount.extracted(TestBankAccount.java:14)
	at com.exapmple.jacoco_example.TestBankAccount.extracted(TestBankAccount.java:14)
	at com.exapmple.jacoco_example.TestBankAccount.extracted(TestBankAccount.java:14)
	at com.exapmple.jacoco_example.TestBankAccount.extracted(TestBankAccount.java:14)
	at com.exapmple.jacoco_example.TestBankAccount.extracted(TestBankAccount.java:14)
	at com.exapmple.jacoco_example.TestBankAccount.extracted(TestBankAccount.java:14)
	at com.exapmple.jacoco_example.TestBankAccount.extracted(TestBankAccount.java:14)
	at com.exapmple.jacoco_example.TestBankAccount.extracted(TestBankAccount.java:14)
	at com.exapmple.jacoco_example.TestBankAccount.extracted(TestBankAccount.java:14)
	at com.exapmple.jacoco_example.TestBankAccount.extracted(TestBankAccount.java:14)

