<?xml version="1.0" encoding="UTF-8"?>
<testsuite xmlns:xsi="http://www.w3.org/2001/XMLSchema-instance" xsi:noNamespaceSchemaLocation="https://maven.apache.org/surefire/maven-surefire-plugin/xsd/surefire-test-report.xsd" name="com.exapmple.jacoco_example.TestBankAccount" time="0.034" tests="1" errors="1" skipped="0" failures="0">
  <properties>
[...]
</properties>
  <testcase name="testFunds" classname="com.exapmple.jacoco_example.TestBankAccount" time="0.034">
    <error type="java.lang.StackOverflowError">java.lang.StackOverflowError
	at com.exapmple.jacoco_example.TestBankAccount.extracted(TestBankAccount.java:14)
	at com.exapmple.jacoco_example.TestBankAccount.extracted(TestBankAccount.java:14)
	at com.exapmple.jacoco_example.TestBankAccount.extracted(TestBankAccount.java:14)
	at com.exapmple.jacoco_example.TestBankAccount.extracted(TestBankAccount.java:14)
	at com.exapmple.jacoco_example.TestBankAccount.extracted(TestBankAccount.java:14)
	at com.exapmple.jacoco_example.TestBankAccount.extracted(TestBankAccount.java:14)
	at com.exapmple.jacoco_example.TestBankAccount.extracted(TestBankAccount.java:14)
	at com.exapmple.jacoco_example.TestBankAccount.extracted(TestBankAccount.java:14)
	at com.exapmple.jacoco_example.TestBankAccount.extracted(TestBankAccount.java:14)
	at com.exapmple.jacoco_example.TestBankAccount.extracted(TestBankAccount.java:14)
	at com.exapmple.jacoco_example.TestBankAccount.extracted(TestBankAccount.java:14)
	at com.exapmple.jacoco_example.TestBankAccount.extracted(TestBankAccount.java:14)
	at com.exapmple.jacoco_example.TestBankAccount.extracted(TestBankAccount.java:14)
	at com.exapmple.jacoco_example.TestBankAccount.extracted(TestBankAccount.java:14)
	at com.exapmple.jacoco_example.TestBankAccount.extracted(TestBankAccount.java:14)
	at com.exapmple.jacoco_example.TestBankAccount.extracted(TestBankAccount.java:14)
	at com.exapmple.jacoco_example.TestBankAccount.extracted(TestBankAccount.java:14)
	at com.exapmple.jacoco_example.TestBankAccount.extracted(TestBankAccount.java:14)
	at com.exapmple.jacoco_example.TestBankAccount.extracted(TestBankAccount.java:14)
	at com.exapmple.jacoco_example.TestBankAccount.extracted(TestBankAccount.java:14)
	at com.exapmple.jacoco_example.TestBankAccount.extracted(TestBankAccount.java:14)
	at com.exapmple.jacoco_example.TestBankAccount.extracted(TestBankAccount.java:14)
	at com.exapmple.jacoco_example.TestBankAccount.extracted(TestBankAccount.java:14)
	at com.exapmple.jacoco_example.TestBankAccount.extracted(TestBankAccount.java:14)
	at com.exapmple.jacoco_example.TestBankAccount.extracted(TestBankAccount.java:14)
	at com.exapmple.jacoco_example.TestBankAccount.extracted(TestBankAccount.java:14)
	at com.exapmple.jacoco_example.TestBankAccount.extracted(TestBankAccount.java:14)
	at com.exapmple.jacoco_example.TestBankAccount.extracted(TestBankAccount.java:14)
	at com.exapmple.jacoco_example.TestBankAccount.extracted(TestBankAccount.java:14)
	at com.exapmple.jacoco_example.TestBankAccount.extracted(TestBankAccount.java:14)
	at com.exapmple.jacoco_example.TestBankAccount.extracted(TestBankAccount.java:14)
	at com.exapmple.jacoco_example.TestBankAccount.extracted(TestBankAccount.java:14)
	at com.exapmple.jacoco_example.TestBankAccount.extracted(TestBankAccount.java:14)
	at com.exapmple.jacoco_example.TestBankAccount.extracted(TestBankAccount.java:14)
	at com.exapmple.jacoco_example.TestBankAccount.extracted(TestBankAccount.java:14)
	at com.exapmple.jacoco_example.TestBankAccount.extracted(TestBankAccount.java:14)
	at com.exapmple.jacoco_example.TestBankAccount.extracted(TestBankAccount.java:14)
	at com.exapmple.jacoco_example.TestBankAccount.extracted(TestBankAccount.java:14)
	at com.exapmple.jacoco_example.TestBankAccount.extracted(TestBankAccount.java:14)
	at com.exapmple.jacoco_example.TestBankAccount.extracted(TestBankAccount.java:14)
	at com.exapmple.jacoco_example.TestBankAccount.extracted(TestBankAccount.java:14)
	at com.exapmple.jacoco_example.TestBankAccount.extracted(TestBankAccount.java:14)
	at com.exapmple.jacoco_example.TestBankAccount.extracted(TestBankAccount.java:14)
	at com.exapmple.jacoco_example.TestBankAccount.extracted(TestBankAccount.java:14)
	at com.exapmple.jacoco_example.TestBankAccount.extracted(TestBankAccount.java:14)
	at com.exapmple.jacoco_example.TestBankAccount.extracted(TestBankAccount.java:14)
	at com.exapmple.jacoco_example.TestBankAccount.extracted(TestBankAccount.java:14)
	at com.exapmple.jacoco_example.TestBankAccount.extracted(TestBankAccount.java:14)
	at com.exapmple.jacoco_example.TestBankAccount.extracted(TestBankAccount.java:14)
	at com.exapmple.jacoco_example.TestBankAccount.extracted(TestBankAccount.java:14)
	at com.exapmple.jacoco_example.TestBankAccount.extracted(TestBankAccount.java:14)
	at com.exapmple.jacoco_example.TestBankAccount.extracted(TestBankAccount.java:14)
	at com.exapmple.jacoco_example.TestBankAccount.extracted(TestBankAccount.java:14)
	at com.exapmple.jacoco_example.TestBankAccount.extracted(TestBankAccount.java:14)
	at com.exapmple.jacoco_example.TestBankAccount.extracted(TestBankAccount.java:14)
	at com.exapmple.jacoco_example.TestBankAccount.extracted(TestBankAccount.java:14)
	at com.exapmple.jacoco_example.TestBankAccount.extracted(TestBankAccount.java:14)
	at com.exapmple.jacoco_example.TestBankAccount.extracted(TestBankAccount.java:14)
	at com.exapmple.jacoco_example.TestBankAccount.extracted(TestBankAccount.java:14)
	at com.exapmple.jacoco_example.TestBankAccount.extracted(TestBankAccount.java:14)
	at com.exapmple.jacoco_example.TestBankAccount.extracted(TestBankAccount.java:14)
	at com.exapmple.jacoco_example.TestBankAccount.extracted(TestBankAccount.java:14)
	at com.exapmple.jacoco_example.TestBankAccount.extracted(TestBankAccount.java:14)
	at com.exapmple.jacoco_example.TestBankAccount.extracted(TestBankAccount.java:14)
	at com.exapmple.jacoco_example.TestBankAccount.extracted(TestBankAccount.java:14)
	at com.exapmple.jacoco_example.TestBankAccount.extracted(TestBankAccount.java:14)
	at com.exapmple.jacoco_example.TestBankAccount.extracted(TestBankAccount.java:14)
	at com.exapmple.jacoco_example.TestBankAccount.extracted(TestBankAccount.java:14)
	at com.exapmple.jacoco_example.TestBankAccount.extracted(TestBankAccount.java:14)
	at com.exapmple.jacoco_example.TestBankAccount.extracted(TestBankAccount.java:14)
	at com.exapmple.jacoco_example.TestBankAccount.extracted(TestBankAccount.java:14)
	at com.exapmple.jacoco_example.TestBankAccount.extracted(TestBankAccount.java:14)
	at com.exapmple.jacoco_example.TestBankAccount.extracted(TestBankAccount.java:14)
	at com.exapmple.jacoco_example.TestBankAccount.extracted(TestBankAccount.java:14)
	at com.exapmple.jacoco_example.TestBankAccount.extracted(TestBankAccount.java:14)
	at com.exapmple.jacoco_example.TestBankAccount.extracted(TestBankAccount.java:14)
	at com.exapmple.jacoco_example.TestBankAccount.extracted(TestBankAccount.java:14)
	at com.exapmple.jacoco_example.TestBankAccount.extracted(TestBankAccount.java:14)
	at com.exapmple.jacoco_example.TestBankAccount.extracted(TestBankAccount.java:14)
	at com.exapmple.jacoco_example.TestBankAccount.extracted(TestBankAccount.java:14)
	at com.exapmple.jacoco_example.TestBankAccount.extracted(TestBankAccount.java:14)
	at com.exapmple.jacoco_example.TestBankAccount.extracted(TestBankAccount.java:14)
	at com.exapmple.jacoco_example.TestBankAccount.extracted(TestBankAccount.java:14)
	at com.exapmple.jacoco_example.TestBankAccount.extracted(TestBankAccount.java:14)
	at com.exapmple.jacoco_example.TestBankAccount.extracted(TestBankAccount.java:14)
	at com.exapmple.jacoco_example.TestBankAccount.extracted(TestBankAccount.java:14)
	at com.exapmple.jacoco_example.TestBankAccount.extracted(TestBankAccount.java:14)
	at com.exapmple.jacoco_example.TestBankAccount.extracted(TestBankAccount.java:14)
	at com.exapmple.jacoco_example.TestBankAccount.extracted(TestBankAccount.java:14)
	at com.exapmple.jacoco_example.TestBankAccount.extracted(TestBankAccount.java:14)
	at com.exapmple.jacoco_example.TestBankAccount.extracted(TestBankAccount.java:14)
	at com.exapmple.jacoco_example.TestBankAccount.extracted(TestBankAccount.java:14)
	at com.exapmple.jacoco_example.TestBankAccount.extracted(TestBankAccount.java:14)
	at com.exapmple.jacoco_example.TestBankAccount.extracted(TestBankAccount.java:14)
	at com.exapmple.jacoco_example.TestBankAccount.extracted(TestBankAccount.java:14)
	at com.exapmple.jacoco_example.TestBankAccount.extracted(TestBankAccount.java:14)
	at com.exapmple.jacoco_example.TestBankAccount.extracted(TestBankAccount.java:14)
	at com.exapmple.jacoco_example.TestBankAccount.extracted(TestBankAccount.java:14)
	at com.exapmple.jacoco_example.TestBankAccount.extracted(TestBankAccount.java:14)
	at com.exapmple.jacoco_example.TestBankAccount.extracted(TestBankAccount.java:14)
	at com.exapmple.jacoco_example.TestBankAccount.extracted(TestBankAccount.java:14)
	at com.exapmple.jacoco_example.TestBankAccount.extracted(TestBankAccount.java:14)
	at com.exapmple.jacoco_example.TestBankAccount.extracted(TestBankAccount.java:14)
	at com.exapmple.jacoco_example.TestBankAccount.extracted(TestBankAccount.java:14)
	at com.exapmple.jacoco_example.TestBankAccount.extracted(TestBankAccount.java:14)
	at com.exapmple.jacoco_example.TestBankAccount.extracted(TestBankAccount.java:14)
	at com.exapmple.jacoco_example.TestBankAccount.extracted(TestBankAccount.java:14)
	at com.exapmple.jacoco_example.TestBankAccount.extracted(TestBankAccount.java:14)
	at com.exapmple.jacoco_example.TestBankAccount.extracted(TestBankAccount.java:14)
	at com.exapmple.jacoco_example.TestBankAccount.extracted(TestBankAccount.java:14)
	at com.exapmple.jacoco_example.TestBankAccount.extracted(TestBankAccount.java:14)
	at com.exapmple.jacoco_example.TestBankAccount.extracted(TestBankAccount.java:14)
	at com.exapmple.jacoco_example.TestBankAccount.extracted(TestBankAccount.java:14)
	at com.exapmple.jacoco_example.TestBankAccount.extracted(TestBankAccount.java:14)
	at com.exapmple.jacoco_example.TestBankAccount.extracted(TestBankAccount.java:14)
	at com.exapmple.jacoco_example.TestBankAccount.extracted(TestBankAccount.java:14)
	at com.exapmple.jacoco_example.TestBankAccount.extracted(TestBankAccount.java:14)
	at com.exapmple.jacoco_example.TestBankAccount.extracted(TestBankAccount.java:14)
	at com.exapmple.jacoco_example.TestBankAccount.extracted(TestBankAccount.java:14)
	at com.exapmple.jacoco_example.TestBankAccount.extracted(TestBankAccount.java:14)
	at com.exapmple.jacoco_example.TestBankAccount.extracted(TestBankAccount.java:14)
	at com.exapmple.jacoco_example.TestBankAccount.extracted(TestBankAccount.java:14)
	at com.exapmple.jacoco_example.TestBankAccount.extracted(TestBankAccount.java:14)
	at com.exapmple.jacoco_example.TestBankAccount.extracted(TestBankAccount.java:14)
	at com.exapmple.jacoco_example.TestBankAccount.extracted(TestBankAccount.java:14)
	at com.exapmple.jacoco_example.TestBankAccount.extracted(TestBankAccount.java:14)
	at com.exapmple.jacoco_example.TestBankAccount.extracted(TestBankAccount.java:14)
	at com.exapmple.jacoco_example.TestBankAccount.extracted(TestBankAccount.java:14)
	at com.exapmple.jacoco_example.TestBankAccount.extracted(TestBankAccount.java:14)
	at com.exapmple.jacoco_example.TestBankAccount.extracted(TestBankAccount.java:14)
	at com.exapmple.jacoco_example.TestBankAccount.extracted(TestBankAccount.java:14)
	at com.exapmple.jacoco_example.TestBankAccount.extracted(TestBankAccount.java:14)
	at com.exapmple.jacoco_example.TestBankAccount.extracted(TestBankAccount.java:14)
	at com.exapmple.jacoco_example.TestBankAccount.extracted(TestBankAccount.java:14)
	at com.exapmple.jacoco_example.TestBankAccount.extracted(TestBankAccount.java:14)
	at com.exapmple.jacoco_example.TestBankAccount.extracted(TestBankAccount.java:14)
	at com.exapmple.jacoco_example.TestBankAccount.extracted(TestBankAccount.java:14)
	at com.exapmple.jacoco_example.TestBankAccount.extracted(TestBankAccount.java:14)
	at com.exapmple.jacoco_example.TestBankAccount.extracted(TestBankAccount.java:14)
	at com.exapmple.jacoco_example.TestBankAccount.extracted(TestBankAccount.java:14)
	at com.exapmple.jacoco_example.TestBankAccount.extracted(TestBankAccount.java:14)
	at com.exapmple.jacoco_example.TestBankAccount.extracted(TestBankAccount.java:14)
	at com.exapmple.jacoco_example.TestBankAccount.extracted(TestBankAccount.java:14)
	at com.exapmple.jacoco_example.TestBankAccount.extracted(TestBankAccount.java:14)
	at com.exapmple.jacoco_example.TestBankAccount.extracted(TestBankAccount.java:14)
	at com.exapmple.jacoco_example.TestBankAccount.extracted(TestBankAccount.java:14)
	at com.exapmple.jacoco_example.TestBankAccount.extracted(TestBankAccount.java:14)
	at com.exapmple.jacoco_example.TestBankAccount.extracted(TestBankAccount.java:14)
	at com.exapmple.jacoco_example.TestBankAccount.extracted(TestBankAccount.java:14)
	at com.exapmple.jacoco_example.TestBankAccount.extracted(TestBankAccount.java:14)
	at com.exapmple.jacoco_example.TestBankAccount.extracted(TestBankAccount.java:14)
	at com.exapmple.jacoco_example.TestBankAccount.extracted(TestBankAccount.java:14)
	at com.exapmple.jacoco_example.TestBankAccount.extracted(TestBankAccount.java:14)
	at com.exapmple.jacoco_example.TestBankAccount.extracted(TestBankAccount.java:14)
	at com.exapmple.jacoco_example.TestBankAccount.extracted(TestBankAccount.java:14)
	at com.exapmple.jacoco_example.TestBankAccount.extracted(TestBankAccount.java:14)
	at com.exapmple.jacoco_example.TestBankAccount.extracted(TestBankAccount.java:14)
	at com.exapmple.jacoco_example.TestBankAccount.extracted(TestBankAccount.java:14)
	at com.exapmple.jacoco_example.TestBankAccount.extracted(TestBankAccount.java:14)
	at com.exapmple.jacoco_example.TestBankAccount.extracted(TestBankAccount.java:14)
	at com.exapmple.jacoco_example.TestBankAccount.extracted(TestBankAccount.java:14)
	at com.exapmple.jacoco_example.TestBankAccount.extracted(TestBankAccount.java:14)
	at com.exapmple.jacoco_example.TestBankAccount.extracted(TestBankAccount.java:14)
	at com.exapmple.jacoco_example.TestBankAccount.extracted(TestBankAccount.java:14)
	at com.exapmple.jacoco_example.TestBankAccount.extracted(TestBankAccount.java:14)
	at com.exapmple.jacoco_example.TestBankAccount.extracted(TestBankAccount.java:14)
	at com.exapmple.jacoco_example.TestBankAccount.extracted(TestBankAccount.java:14)
	at com.exapmple.jacoco_example.TestBankAccount.extracted(TestBankAccount.java:14)
	at com.exapmple.jacoco_example.TestBankAccount.extracted(TestBankAccount.java:14)
	at com.exapmple.jacoco_example.TestBankAccount.extracted(TestBankAccount.java:14)
	at com.exapmple.jacoco_example.TestBankAccount.extracted(TestBankAccount.java:14)
	at com.exapmple.jacoco_example.TestBankAccount.extracted(TestBankAccount.java:14)
	at com.exapmple.jacoco_example.TestBankAccount.extracted(TestBankAccount.java:14)
	at com.exapmple.jacoco_example.TestBankAccount.extracted(TestBankAccount.java:14)
	at com.exapmple.jacoco_example.TestBankAccount.extracted(TestBankAccount.java:14)
	at com.exapmple.jacoco_example.TestBankAccount.extracted(TestBankAccount.java:14)
	at com.exapmple.jacoco_example.TestBankAccount.extracted(TestBankAccount.java:14)
	at com.exapmple.jacoco_example.TestBankAccount.extracted(TestBankAccount.java:14)
	at com.exapmple.jacoco_example.TestBankAccount.extracted(TestBankAccount.java:14)
	at com.exapmple.jacoco_example.TestBankAccount.extracted(TestBankAccount.java:14)
	at com.exapmple.jacoco_example.TestBankAccount.extracted(TestBankAccount.java:14)
	at com.exapmple.jacoco_example.TestBankAccount.extracted(TestBankAccount.java:14)
	at com.exapmple.jacoco_example.TestBankAccount.extracted(TestBankAccount.java:14)
	at com.exapmple.jacoco_example.TestBankAccount.extracted(TestBankAccount.java:14)
	at com.exapmple.jacoco_example.TestBankAccount.extracted(TestBankAccount.java:14)
	at com.exapmple.jacoco_example.TestBankAccount.extracted(TestBankAccount.java:14)
	at com.exapmple.jacoco_example.TestBankAccount.extracted(TestBankAccount.java:14)
	at com.exapmple.jacoco_example.TestBankAccount.extracted(TestBankAccount.java:14)
	at com.exapmple.jacoco_example.TestBankAccount.extracted(TestBankAccount.java:14)
	at com.exapmple.jacoco_example.TestBankAccount.extracted(TestBankAccount.java:14)
	at com.exapmple.jacoco_example.TestBankAccount.extracted(TestBankAccount.java:14)
	at com.exapmple.jacoco_example.TestBankAccount.extracted(TestBankAccount.java:14)
	at com.exapmple.jacoco_example.TestBankAccount.extracted(TestBankAccount.java:14)
	at com.exapmple.jacoco_example.TestBankAccount.extracted(TestBankAccount.java:14)
	at com.exapmple.jacoco_example.TestBankAccount.extracted(TestBankAccount.java:14)
	at com.exapmple.jacoco_example.TestBankAccount.extracted(TestBankAccount.java:14)
	at com.exapmple.jacoco_example.TestBankAccount.extracted(TestBankAccount.java:14)
	at com.exapmple.jacoco_example.TestBankAccount.extracted(TestBankAccount.java:14)
	at com.exapmple.jacoco_example.TestBankAccount.extracted(TestBankAccount.java:14)
	at com.exapmple.jacoco_example.TestBankAccount.extracted(TestBankAccount.java:14)
	at com.exapmple.jacoco_example.TestBankAccount.extracted(TestBankAccount.java:14)
	at com.exapmple.jacoco_example.TestBankAccount.extracted(TestBankAccount.java:14)
	at com.exapmple.jacoco_example.TestBankAccount.extracted(TestBankAccount.java:14)
	at com.exapmple.jacoco_example.TestBankAccount.extracted(TestBankAccount.java:14)
	at com.exapmple.jacoco_example.TestBankAccount.extracted(TestBankAccount.java:14)
	at com.exapmple.jacoco_example.TestBankAccount.extracted(TestBankAccount.java:14)
	at com.exapmple.jacoco_example.TestBankAccount.extracted(TestBankAccount.java:14)
	at com.exapmple.jacoco_example.TestBankAccount.extracted(TestBankAccount.java:14)
	at com.exapmple.jacoco_example.TestBankAccount.extracted(TestBankAccount.java:14)
	at com.exapmple.jacoco_example.TestBankAccount.extracted(TestBankAccount.java:14)
	at com.exapmple.jacoco_example.TestBankAccount.extracted(TestBankAccount.java:14)
	at com.exapmple.jacoco_example.TestBankAccount.extracted(TestBankAccount.java:14)
	at com.exapmple.jacoco_example.TestBankAccount.extracted(TestBankAccount.java:14)
	at com.exapmple.jacoco_example.TestBankAccount.extracted(TestBankAccount.java:14)
	at com.exapmple.jacoco_example.TestBankAccount.extracted(TestBankAccount.java:14)
	at com.exapmple.jacoco_example.TestBankAccount.extracted(TestBankAccount.java:14)
	at com.exapmple.jacoco_example.TestBankAccount.extracted(TestBankAccount.java:14)
	at com.exapmple.jacoco_example.TestBankAccount.extracted(TestBankAccount.java:14)
	at com.exapmple.jacoco_example.TestBankAccount.extracted(TestBankAccount.java:14)
	at com.exapmple.jacoco_example.TestBankAccount.extracted(TestBankAccount.java:14)
	at com.exapmple.jacoco_example.TestBankAccount.extracted(TestBankAccount.java:14)
	at com.exapmple.jacoco_example.TestBankAccount.extracted(TestBankAccount.java:14)
	at com.exapmple.jacoco_example.TestBankAccount.extracted(TestBankAccount.java:14)
	at com.exapmple.jacoco_example.TestBankAccount.extracted(TestBankAccount.java:14)
	at com.exapmple.jacoco_example.TestBankAccount.extracted(TestBankAccount.java:14)
	at com.exapmple.jacoco_example.TestBankAccount.extracted(TestBankAccount.java:14)
	at com.exapmple.jacoco_example.TestBankAccount.extracted(TestBankAccount.java:14)
	at com.exapmple.jacoco_example.TestBankAccount.extracted(TestBankAccount.java:14)
	at com.exapmple.jacoco_example.TestBankAccount.extracted(TestBankAccount.java:14)
	at com.exapmple.jacoco_example.TestBankAccount.extracted(TestBankAccount.java:14)
	at com.exapmple.jacoco_example.TestBankAccount.extracted(TestBankAccount.java:14)
	at com.exapmple.jacoco_example.TestBankAccount.extracted(TestBankAccount.java:14)
	at com.exapmple.jacoco_example.TestBankAccount.extracted(TestBankAccount.java:14)
	at com.exapmple.jacoco_example.TestBankAccount.extracted(TestBankAccount.java:14)
	at com.exapmple.jacoco_example.TestBankAccount.extracted(TestBankAccount.java:14)
	at com.exapmple.jacoco_example.TestBankAccount.extracted(TestBankAccount.java:14)
	at com.exapmple.jacoco_example.TestBankAccount.extracted(TestBankAccount.java:14)
	at com.exapmple.jacoco_example.TestBankAccount.extracted(TestBankAccount.java:14)
	at com.exapmple.jacoco_example.TestBankAccount.extracted(TestBankAccount.java:14)
	at com.exapmple.jacoco_example.TestBankAccount.extracted(TestBankAccount.java:14)
	at com.exapmple.jacoco_example.TestBankAccount.extracted(TestBankAccount.java:14)
	at com.exapmple.jacoco_example.TestBankAccount.extracted(TestBankAccount.java:14)
	at com.exapmple.jacoco_example.TestBankAccount.extracted(TestBankAccount.java:14)
	at com.exapmple.jacoco_example.TestBankAccount.extracted(TestBankAccount.java:14)
	at com.exapmple.jacoco_example.TestBankAccount.extracted(TestBankAccount.java:14)
	at com.exapmple.jacoco_example.TestBankAccount.extracted(TestBankAccount.java:14)
	at com.exapmple.jacoco_example.TestBankAccount.extracted(TestBankAccount.java:14)
	at com.exapmple.jacoco_example.TestBankAccount.extracted(TestBankAccount.java:14)
	at com.exapmple.jacoco_example.TestBankAccount.extracted(TestBankAccount.java:14)
	at com.exapmple.jacoco_example.TestBankAccount.extracted(TestBankAccount.java:14)
	at com.exapmple.jacoco_example.TestBankAccount.extracted(TestBankAccount.java:14)
	at com.exapmple.jacoco_example.TestBankAccount.extracted(TestBankAccount.java:14)
	at com.exapmple.jacoco_example.TestBankAccount.extracted(TestBankAccount.java:14)
	at com.exapmple.jacoco_example.TestBankAccount.extracted(TestBankAccount.java:14)
	at com.exapmple.jacoco_example.TestBankAccount.extracted(TestBankAccount.java:14)
	at com.exapmple.jacoco_example.TestBankAccount.extracted(TestBankAccount.java:14)
	at com.exapmple.jacoco_example.TestBankAccount.extracted(TestBankAccount.java:14)
	at com.exapmple.jacoco_example.TestBankAccount.extracted(TestBankAccount.java:14)
	at com.exapmple.jacoco_example.TestBankAccount.extracted(TestBankAccount.java:14)
	at com.exapmple.jacoco_example.TestBankAccount.extracted(TestBankAccount.java:14)
	at com.exapmple.jacoco_example.TestBankAccount.extracted(TestBankAccount.java:14)
	at com.exapmple.jacoco_example.TestBankAccount.extracted(TestBankAccount.java:14)
	at com.exapmple.jacoco_example.TestBankAccount.extracted(TestBankAccount.java:14)
	at com.exapmple.jacoco_example.TestBankAccount.extracted(TestBankAccount.java:14)
	at com.exapmple.jacoco_example.TestBankAccount.extracted(TestBankAccount.java:14)
	at com.exapmple.jacoco_example.TestBankAccount.extracted(TestBankAccount.java:14)
	at com.exapmple.jacoco_example.TestBankAccount.extracted(TestBankAccount.java:14)
	at com.exapmple.jacoco_example.TestBankAccount.extracted(TestBankAccount.java:14)
	at com.exapmple.jacoco_example.TestBankAccount.extracted(TestBankAccount.java:14)
	at com.exapmple.jacoco_example.TestBankAccount.extracted(TestBankAccount.java:14)
	at com.exapmple.jacoco_example.TestBankAccount.extracted(TestBankAccount.java:14)
	at com.exapmple.jacoco_example.TestBankAccount.extracted(TestBankAccount.java:14)
	at com.exapmple.jacoco_example.TestBankAccount.extracted(TestBankAccount.java:14)
	at com.exapmple.jacoco_example.TestBankAccount.extracted(TestBankAccount.java:14)
	at com.exapmple.jacoco_example.TestBankAccount.extracted(TestBankAccount.java:14)
	at com.exapmple.jacoco_example.TestBankAccount.extracted(TestBankAccount.java:14)
	at com.exapmple.jacoco_example.TestBankAccount.extracted(TestBankAccount.java:14)
	at com.exapmple.jacoco_example.TestBankAccount.extracted(TestBankAccount.java:14)
	at com.exapmple.jacoco_example.TestBankAccount.extracted(TestBankAccount.java:14)
	at com.exapmple.jacoco_example.TestBankAccount.extracted(TestBankAccount.java:14)
	at com.exapmple.jacoco_example.TestBankAccount.extracted(TestBankAccount.java:14)
	at com.exapmple.jacoco_example.TestBankAccount.extracted(TestBankAccount.java:14)
	at com.exapmple.jacoco_example.TestBankAccount.extracted(TestBankAccount.java:14)
	at com.exapmple.jacoco_example.TestBankAccount.extracted(TestBankAccount.java:14)
	at com.exapmple.jacoco_example.TestBankAccount.extracted(TestBankAccount.java:14)
	at com.exapmple.jacoco_example.TestBankAccount.extracted(TestBankAccount.java:14)
	at com.exapmple.jacoco_example.TestBankAccount.extracted(TestBankAccount.java:14)
	at com.exapmple.jacoco_example.TestBankAccount.extracted(TestBankAccount.java:14)
	at com.exapmple.jacoco_example.TestBankAccount.extracted(TestBankAccount.java:14)
	at com.exapmple.jacoco_example.TestBankAccount.extracted(TestBankAccount.java:14)
	at com.exapmple.jacoco_example.TestBankAccount.extracted(TestBankAccount.java:14)
	at com.exapmple.jacoco_example.TestBankAccount.extracted(TestBankAccount.java:14)
	at com.exapmple.jacoco_example.TestBankAccount.extracted(TestBankAccount.java:14)
	at com.exapmple.jacoco_example.TestBankAccount.extracted(TestBankAccount.java:14)
	at com.exapmple.jacoco_example.TestBankAccount.extracted(TestBankAccount.java:14)
	at com.exapmple.jacoco_example.TestBankAccount.extracted(TestBankAccount.java:14)
	at com.exapmple.jacoco_example.TestBankAccount.extracted(TestBankAccount.java:14)
	at com.exapmple.jacoco_example.TestBankAccount.extracted(TestBankAccount.java:14)
	at com.exapmple.jacoco_example.TestBankAccount.extracted(TestBankAccount.java:14)
	at com.exapmple.jacoco_example.TestBankAccount.extracted(TestBankAccount.java:14)
	at com.exapmple.jacoco_example.TestBankAccount.extracted(TestBankAccount.java:14)
	at com.exapmple.jacoco_example.TestBankAccount.extracted(TestBankAccount.java:14)
	at com.exapmple.jacoco_example.TestBankAccount.extracted(TestBankAccount.java:14)
	at com.exapmple.jacoco_example.TestBankAccount.extracted(TestBankAccount.java:14)
	at com.exapmple.jacoco_example.TestBankAccount.extracted(TestBankAccount.java:14)
	at com.exapmple.jacoco_example.TestBankAccount.extracted(TestBankAccount.java:14)
	at com.exapmple.jacoco_example.TestBankAccount.extracted(TestBankAccount.java:14)
	at com.exapmple.jacoco_example.TestBankAccount.extracted(TestBankAccount.java:14)
	at com.exapmple.jacoco_example.TestBankAccount.extracted(TestBankAccount.java:14)
	at com.exapmple.jacoco_example.TestBankAccount.extracted(TestBankAccount.java:14)
	at com.exapmple.jacoco_example.TestBankAccount.extracted(TestBankAccount.java:14)
	at com.exapmple.jacoco_example.TestBankAccount.extracted(TestBankAccount.java:14)
	at com.exapmple.jacoco_example.TestBankAccount.extracted(TestBankAccount.java:14)
	at com.exapmple.jacoco_example.TestBankAccount.extracted(TestBankAccount.java:14)
	at com.exapmple.jacoco_example.TestBankAccount.extracted(TestBankAccount.java:14)
	at com.exapmple.jacoco_example.TestBankAccount.extracted(TestBankAccount.java:14)
	at com.exapmple.jacoco_example.TestBankAccount.extracted(TestBankAccount.java:14)
	at com.exapmple.jacoco_example.TestBankAccount.extracted(TestBankAccount.java:14)
	at com.exapmple.jacoco_example.TestBankAccount.extracted(TestBankAccount.java:14)
	at com.exapmple.jacoco_example.TestBankAccount.extracted(TestBankAccount.java:14)
	at com.exapmple.jacoco_example.TestBankAccount.extracted(TestBankAccount.java:14)
	at com.exapmple.jacoco_example.TestBankAccount.extracted(TestBankAccount.java:14)
	at com.exapmple.jacoco_example.TestBankAccount.extracted(TestBankAccount.java:14)
	at com.exapmple.jacoco_example.TestBankAccount.extracted(TestBankAccount.java:14)
	at com.exapmple.jacoco_example.TestBankAccount.extracted(TestBankAccount.java:14)
	at com.exapmple.jacoco_example.TestBankAccount.extracted(TestBankAccount.java:14)
	at com.exapmple.jacoco_example.TestBankAccount.extracted(TestBankAccount.java:14)
	at com.exapmple.jacoco_example.TestBankAccount.extracted(TestBankAccount.java:14)
	at com.exapmple.jacoco_example.TestBankAccount.extracted(TestBankAccount.java:14)
	at com.exapmple.jacoco_example.TestBankAccount.extracted(TestBankAccount.java:14)
	at com.exapmple.jacoco_example.TestBankAccount.extracted(TestBankAccount.java:14)
	at com.exapmple.jacoco_example.TestBankAccount.extracted(TestBankAccount.java:14)
	at com.exapmple.jacoco_example.TestBankAccount.extracted(TestBankAccount.java:14)
	at com.exapmple.jacoco_example.TestBankAccount.extracted(TestBankAccount.java:14)
	at com.exapmple.jacoco_example.TestBankAccount.extracted(TestBankAccount.java:14)
	at com.exapmple.jacoco_example.TestBankAccount.extracted(TestBankAccount.java:14)
	at com.exapmple.jacoco_example.TestBankAccount.extracted(TestBankAccount.java:14)
	at com.exapmple.jacoco_example.TestBankAccount.extracted(TestBankAccount.java:14)
	at com.exapmple.jacoco_example.TestBankAccount.extracted(TestBankAccount.java:14)
	at com.exapmple.jacoco_example.TestBankAccount.extracted(TestBankAccount.java:14)
	at com.exapmple.jacoco_example.TestBankAccount.extracted(TestBankAccount.java:14)
	at com.exapmple.jacoco_example.TestBankAccount.extracted(TestBankAccount.java:14)
	at com.exapmple.jacoco_example.TestBankAccount.extracted(TestBankAccount.java:14)
	at com.exapmple.jacoco_example.TestBankAccount.extracted(TestBankAccount.java:14)
	at com.exapmple.jacoco_example.TestBankAccount.extracted(TestBankAccount.java:14)
	at com.exapmple.jacoco_example.TestBankAccount.extracted(TestBankAccount.java:14)
	at com.exapmple.jacoco_example.TestBankAccount.extracted(TestBankAccount.java:14)
	at com.exapmple.jacoco_example.TestBankAccount.extracted(TestBankAccount.java:14)
	at com.exapmple.jacoco_example.TestBankAccount.extracted(TestBankAccount.java:14)
	at com.exapmple.jacoco_example.TestBankAccount.extracted(TestBankAccount.java:14)
	at com.exapmple.jacoco_example.TestBankAccount.extracted(TestBankAccount.java:14)
	at com.exapmple.jacoco_example.TestBankAccount.extracted(TestBankAccount.java:14)
	at com.exapmple.jacoco_example.TestBankAccount.extracted(TestBankAccount.java:14)
	at com.exapmple.jacoco_example.TestBankAccount.extracted(TestBankAccount.java:14)
	at com.exapmple.jacoco_example.TestBankAccount.extracted(TestBankAccount.java:14)
	at com.exapmple.jacoco_example.TestBankAccount.extracted(TestBankAccount.java:14)
	at com.exapmple.jacoco_example.TestBankAccount.extracted(TestBankAccount.java:14)
	at com.exapmple.jacoco_example.TestBankAccount.extracted(TestBankAccount.java:14)
	at com.exapmple.jacoco_example.TestBankAccount.extracted(TestBankAccount.java:14)
	at com.exapmple.jacoco_example.TestBankAccount.extracted(TestBankAccount.java:14)
	at com.exapmple.jacoco_example.TestBankAccount.extracted(TestBankAccount.java:14)
	at com.exapmple.jacoco_example.TestBankAccount.extracted(TestBankAccount.java:14)
	at com.exapmple.jacoco_example.TestBankAccount.extracted(TestBankAccount.java:14)
	at com.exapmple.jacoco_example.TestBankAccount.extracted(TestBankAccount.java:14)
	at com.exapmple.jacoco_example.TestBankAccount.extracted(TestBankAccount.java:14)
	at com.exapmple.jacoco_example.TestBankAccount.extracted(TestBankAccount.java:14)
	at com.exapmple.jacoco_example.TestBankAccount.extracted(TestBankAccount.java:14)
	at com.exapmple.jacoco_example.TestBankAccount.extracted(TestBankAccount.java:14)
	at com.exapmple.jacoco_example.TestBankAccount.extracted(TestBankAccount.java:14)
	at com.exapmple.jacoco_example.TestBankAccount.extracted(TestBankAccount.java:14)
	at com.exapmple.jacoco_example.TestBankAccount.extracted(TestBankAccount.java:14)
	at com.exapmple.jacoco_example.TestBankAccount.extracted(TestBankAccount.java:14)
	at com.exapmple.jacoco_example.TestBankAccount.extracted(TestBankAccount.java:14)
	at com.exapmple.jacoco_example.TestBankAccount.extracted(TestBankAccount.java:14)
	at com.exapmple.jacoco_example.TestBankAccount.extracted(TestBankAccount.java:14)
	at com.exapmple.jacoco_example.TestBankAccount.extracted(TestBankAccount.java:14)
	at com.exapmple.jacoco_example.TestBankAccount.extracted(TestBankAccount.java:14)
	at com.exapmple.jacoco_example.TestBankAccount.extracted(TestBankAccount.java:14)
	at com.exapmple.jacoco_example.TestBankAccount.extracted(TestBankAccount.java:14)
	at com.exapmple.jacoco_example.TestBankAccount.extracted(TestBankAccount.java:14)
	at com.exapmple.jacoco_example.TestBankAccount.extracted(TestBankAccount.java:14)
	at com.exapmple.jacoco_example.TestBankAccount.extracted(TestBankAccount.java:14)
	at com.exapmple.jacoco_example.TestBankAccount.extracted(TestBankAccount.java:14)
	at com.exapmple.jacoco_example.TestBankAccount.extracted(TestBankAccount.java:14)
	at com.exapmple.jacoco_example.TestBankAccount.extracted(TestBankAccount.java:14)
	at com.exapmple.jacoco_example.TestBankAccount.extracted(TestBankAccount.java:14)
	at com.exapmple.jacoco_example.TestBankAccount.extracted(TestBankAccount.java:14)
	at com.exapmple.jacoco_example.TestBankAccount.extracted(TestBankAccount.java:14)
	at com.exapmple.jacoco_example.TestBankAccount.extracted(TestBankAccount.java:14)
	at com.exapmple.jacoco_example.TestBankAccount.extracted(TestBankAccount.java:14)
	at com.exapmple.jacoco_example.TestBankAccount.extracted(TestBankAccount.java:14)
	at com.exapmple.jacoco_example.TestBankAccount.extracted(TestBankAccount.java:14)
	at com.exapmple.jacoco_example.TestBankAccount.extracted(TestBankAccount.java:14)
	at com.exapmple.jacoco_example.TestBankAccount.extracted(TestBankAccount.java:14)
	at com.exapmple.jacoco_example.TestBankAccount.extracted(TestBankAccount.java:14)
	at com.exapmple.jacoco_example.TestBankAccount.extracted(TestBankAccount.java:14)
	at com.exapmple.jacoco_example.TestBankAccount.extracted(TestBankAccount.java:14)
	at com.exapmple.jacoco_example.TestBankAccount.extracted(TestBankAccount.java:14)
	at com.exapmple.jacoco_example.TestBankAccount.extracted(TestBankAccount.java:14)
	at com.exapmple.jacoco_example.TestBankAccount.extracted(TestBankAccount.java:14)
	at com.exapmple.jacoco_example.TestBankAccount.extracted(TestBankAccount.java:14)
	at com.exapmple.jacoco_example.TestBankAccount.extracted(TestBankAccount.java:14)
	at com.exapmple.jacoco_example.TestBankAccount.extracted(TestBankAccount.java:14)
	at com.exapmple.jacoco_example.TestBankAccount.extracted(TestBankAccount.java:14)
	at com.exapmple.jacoco_example.TestBankAccount.extracted(TestBankAccount.java:14)
	at com.exapmple.jacoco_example.TestBankAccount.extracted(TestBankAccount.java:14)
	at com.exapmple.jacoco_example.TestBankAccount.extracted(TestBankAccount.java:14)
	at com.exapmple.jacoco_example.TestBankAccount.extracted(TestBankAccount.java:14)
	at com.exapmple.jacoco_example.TestBankAccount.extracted(TestBankAccount.java:14)
	at com.exapmple.jacoco_example.TestBankAccount.extracted(TestBankAccount.java:14)
	at com.exapmple.jacoco_example.TestBankAccount.extracted(TestBankAccount.java:14)
	at com.exapmple.jacoco_example.TestBankAccount.extracted(TestBankAccount.java:14)
	at com.exapmple.jacoco_example.TestBankAccount.extracted(TestBankAccount.java:14)
	at com.exapmple.jacoco_example.TestBankAccount.extracted(TestBankAccount.java:14)
	at com.exapmple.jacoco_example.TestBankAccount.extracted(TestBankAccount.java:14)
	at com.exapmple.jacoco_example.TestBankAccount.extracted(TestBankAccount.java:14)
	at com.exapmple.jacoco_example.TestBankAccount.extracted(TestBankAccount.java:14)
	at com.exapmple.jacoco_example.TestBankAccount.extracted(TestBankAccount.java:14)
	at com.exapmple.jacoco_example.TestBankAccount.extracted(TestBankAccount.java:14)
	at com.exapmple.jacoco_example.TestBankAccount.extracted(TestBankAccount.java:14)
	at com.exapmple.jacoco_example.TestBankAccount.extracted(TestBankAccount.java:14)
	at com.exapmple.jacoco_example.TestBankAccount.extracted(TestBankAccount.java:14)
	at com.exapmple.jacoco_example.TestBankAccount.extracted(TestBankAccount.java:14)
	at com.exapmple.jacoco_example.TestBankAccount.extracted(TestBankAccount.java:14)
	at com.exapmple.jacoco_example.TestBankAccount.extracted(TestBankAccount.java:14)
	at com.exapmple.jacoco_example.TestBankAccount.extracted(TestBankAccount.java:14)
	at com.exapmple.jacoco_example.TestBankAccount.extracted(TestBankAccount.java:14)
	at com.exapmple.jacoco_example.TestBankAccount.extracted(TestBankAccount.java:14)
	at com.exapmple.jacoco_example.TestBankAccount.extracted(TestBankAccount.java:14)
	at com.exapmple.jacoco_example.TestBankAccount.extracted(TestBankAccount.java:14)
	at com.exapmple.jacoco_example.TestBankAccount.extracted(TestBankAccount.java:14)
	at com.exapmple.jacoco_example.TestBankAccount.extracted(TestBankAccount.java:14)
	at com.exapmple.jacoco_example.TestBankAccount.extracted(TestBankAccount.java:14)
	at com.exapmple.jacoco_example.TestBankAccount.extracted(TestBankAccount.java:14)
	at com.exapmple.jacoco_example.TestBankAccount.extracted(TestBankAccount.java:14)
	at com.exapmple.jacoco_example.TestBankAccount.extracted(TestBankAccount.java:14)
	at com.exapmple.jacoco_example.TestBankAccount.extracted(TestBankAccount.java:14)
	at com.exapmple.jacoco_example.TestBankAccount.extracted(TestBankAccount.java:14)
	at com.exapmple.jacoco_example.TestBankAccount.extracted(TestBankAccount.java:14)
	at com.exapmple.jacoco_example.TestBankAccount.extracted(TestBankAccount.java:14)
	at com.exapmple.jacoco_example.TestBankAccount.extracted(TestBankAccount.java:14)
	at com.exapmple.jacoco_example.TestBankAccount.extracted(TestBankAccount.java:14)
	at com.exapmple.jacoco_example.TestBankAccount.extracted(TestBankAccount.java:14)
	at com.exapmple.jacoco_example.TestBankAccount.extracted(TestBankAccount.java:14)
	at com.exapmple.jacoco_example.TestBankAccount.extracted(TestBankAccount.java:14)
	at com.exapmple.jacoco_example.TestBankAccount.extracted(TestBankAccount.java:14)
	at com.exapmple.jacoco_example.TestBankAccount.extracted(TestBankAccount.java:14)
	at com.exapmple.jacoco_example.TestBankAccount.extracted(TestBankAccount.java:14)
	at com.exapmple.jacoco_example.TestBankAccount.extracted(TestBankAccount.java:14)
	at com.exapmple.jacoco_example.TestBankAccount.extracted(TestBankAccount.java:14)
	at com.exapmple.jacoco_example.TestBankAccount.extracted(TestBankAccount.java:14)
	at com.exapmple.jacoco_example.TestBankAccount.extracted(TestBankAccount.java:14)
	at com.exapmple.jacoco_example.TestBankAccount.extracted(TestBankAccount.java:14)
	at com.exapmple.jacoco_example.TestBankAccount.extracted(TestBankAccount.java:14)
	at com.exapmple.jacoco_example.TestBankAccount.extracted(TestBankAccount.java:14)
	at com.exapmple.jacoco_example.TestBankAccount.extracted(TestBankAccount.java:14)
	at com.exapmple.jacoco_example.TestBankAccount.extracted(TestBankAccount.java:14)
	at com.exapmple.jacoco_example.TestBankAccount.extracted(TestBankAccount.java:14)
	at com.exapmple.jacoco_example.TestBankAccount.extracted(TestBankAccount.java:14)
	at com.exapmple.jacoco_example.TestBankAccount.extracted(TestBankAccount.java:14)
	at com.exapmple.jacoco_example.TestBankAccount.extracted(TestBankAccount.java:14)
	at com.exapmple.jacoco_example.TestBankAccount.extracted(TestBankAccount.java:14)
	at com.exapmple.jacoco_example.TestBankAccount.extracted(TestBankAccount.java:14)
	at com.exapmple.jacoco_example.TestBankAccount.extracted(TestBankAccount.java:14)
	at com.exapmple.jacoco_example.TestBankAccount.extracted(TestBankAccount.java:14)
	at com.exapmple.jacoco_example.TestBankAccount.extracted(TestBankAccount.java:14)
	at com.exapmple.jacoco_example.TestBankAccount.extracted(TestBankAccount.java:14)
	at com.exapmple.jacoco_example.TestBankAccount.extracted(TestBankAccount.java:14)
	at com.exapmple.jacoco_example.TestBankAccount.extracted(TestBankAccount.java:14)
	at com.exapmple.jacoco_example.TestBankAccount.extracted(TestBankAccount.java:14)
	at com.exapmple.jacoco_example.TestBankAccount.extracted(TestBankAccount.java:14)
	at com.exapmple.jacoco_example.TestBankAccount.extracted(TestBankAccount.java:14)
	at com.exapmple.jacoco_example.TestBankAccount.extracted(TestBankAccount.java:14)
	at com.exapmple.jacoco_example.TestBankAccount.extracted(TestBankAccount.java:14)
	at com.exapmple.jacoco_example.TestBankAccount.extracted(TestBankAccount.java:14)
	at com.exapmple.jacoco_example.TestBankAccount.extracted(TestBankAccount.java:14)
	at com.exapmple.jacoco_example.TestBankAccount.extracted(TestBankAccount.java:14)
	at com.exapmple.jacoco_example.TestBankAccount.extracted(TestBankAccount.java:14)
	at com.exapmple.jacoco_example.TestBankAccount.extracted(TestBankAccount.java:14)
	at com.exapmple.jacoco_example.TestBankAccount.extracted(TestBankAccount.java:14)
	at com.exapmple.jacoco_example.TestBankAccount.extracted(TestBankAccount.java:14)
	at com.exapmple.jacoco_example.TestBankAccount.extracted(TestBankAccount.java:14)
	at com.exapmple.jacoco_example.TestBankAccount.extracted(TestBankAccount.java:14)
	at com.exapmple.jacoco_example.TestBankAccount.extracted(TestBankAccount.java:14)
	at com.exapmple.jacoco_example.TestBankAccount.extracted(TestBankAccount.java:14)
	at com.exapmple.jacoco_example.TestBankAccount.extracted(TestBankAccount.java:14)
	at com.exapmple.jacoco_example.TestBankAccount.extracted(TestBankAccount.java:14)
	at com.exapmple.jacoco_example.TestBankAccount.extracted(TestBankAccount.java:14)
	at com.exapmple.jacoco_example.TestBankAccount.extracted(TestBankAccount.java:14)
	at com.exapmple.jacoco_example.TestBankAccount.extracted(TestBankAccount.java:14)
	at com.exapmple.jacoco_example.TestBankAccount.extracted(TestBankAccount.java:14)
	at com.exapmple.jacoco_example.TestBankAccount.extracted(TestBankAccount.java:14)
	at com.exapmple.jacoco_example.TestBankAccount.extracted(TestBankAccount.java:14)
	at com.exapmple.jacoco_example.TestBankAccount.extracted(TestBankAccount.java:14)
	at com.exapmple.jacoco_example.TestBankAccount.extracted(TestBankAccount.java:14)
	at com.exapmple.jacoco_example.TestBankAccount.extracted(TestBankAccount.java:14)
	at com.exapmple.jacoco_example.TestBankAccount.extracted(TestBankAccount.java:14)
	at com.exapmple.jacoco_example.TestBankAccount.extracted(TestBankAccount.java:14)
	at com.exapmple.jacoco_example.TestBankAccount.extracted(TestBankAccount.java:14)
	at com.exapmple.jacoco_example.TestBankAccount.extracted(TestBankAccount.java:14)
	at com.exapmple.jacoco_example.TestBankAccount.extracted(TestBankAccount.java:14)
	at com.exapmple.jacoco_example.TestBankAccount.extracted(TestBankAccount.java:14)
	at com.exapmple.jacoco_example.TestBankAccount.extracted(TestBankAccount.java:14)
	at com.exapmple.jacoco_example.TestBankAccount.extracted(TestBankAccount.java:14)
	at com.exapmple.jacoco_example.TestBankAccount.extracted(TestBankAccount.java:14)
	at com.exapmple.jacoco_example.TestBankAccount.extracted(TestBankAccount.java:14)
	at com.exapmple.jacoco_example.TestBankAccount.extracted(TestBankAccount.java:14)
	at com.exapmple.jacoco_example.TestBankAccount.extracted(TestBankAccount.java:14)
	at com.exapmple.jacoco_example.TestBankAccount.extracted(TestBankAccount.java:14)
	at com.exapmple.jacoco_example.TestBankAccount.extracted(TestBankAccount.java:14)
	at com.exapmple.jacoco_example.TestBankAccount.extracted(TestBankAccount.java:14)
	at com.exapmple.jacoco_example.TestBankAccount.extracted(TestBankAccount.java:14)
	at com.exapmple.jacoco_example.TestBankAccount.extracted(TestBankAccount.java:14)
	at com.exapmple.jacoco_example.TestBankAccount.extracted(TestBankAccount.java:14)
	at com.exapmple.jacoco_example.TestBankAccount.extracted(TestBankAccount.java:14)
	at com.exapmple.jacoco_example.TestBankAccount.extracted(TestBankAccount.java:14)
	at com.exapmple.jacoco_example.TestBankAccount.extracted(TestBankAccount.java:14)
	at com.exapmple.jacoco_example.TestBankAccount.extracted(TestBankAccount.java:14)
	at com.exapmple.jacoco_example.TestBankAccount.extracted(TestBankAccount.java:14)
	at com.exapmple.jacoco_example.TestBankAccount.extracted(TestBankAccount.java:14)
	at com.exapmple.jacoco_example.TestBankAccount.extracted(TestBankAccount.java:14)
	at com.exapmple.jacoco_example.TestBankAccount.extracted(TestBankAccount.java:14)
	at com.exapmple.jacoco_example.TestBankAccount.extracted(TestBankAccount.java:14)
	at com.exapmple.jacoco_example.TestBankAccount.extracted(TestBankAccount.java:14)
	at com.exapmple.jacoco_example.TestBankAccount.extracted(TestBankAccount.java:14)
	at com.exapmple.jacoco_example.TestBankAccount.extracted(TestBankAccount.java:14)
	at com.exapmple.jacoco_example.TestBankAccount.extracted(TestBankAccount.java:14)
	at com.exapmple.jacoco_example.TestBankAccount.extracted(TestBankAccount.java:14)
	at com.exapmple.jacoco_example.TestBankAccount.extracted(TestBankAccount.java:14)
	at com.exapmple.jacoco_example.TestBankAccount.extracted(TestBankAccount.java:14)
	at com.exapmple.jacoco_example.TestBankAccount.extracted(TestBankAccount.java:14)
	at com.exapmple.jacoco_example.TestBankAccount.extracted(TestBankAccount.java:14)
	at com.exapmple.jacoco_example.TestBankAccount.extracted(TestBankAccount.java:14)
	at com.exapmple.jacoco_example.TestBankAccount.extracted(TestBankAccount.java:14)
	at com.exapmple.jacoco_example.TestBankAccount.extracted(TestBankAccount.java:14)
	at com.exapmple.jacoco_example.TestBankAccount.extracted(TestBankAccount.java:14)
	at com.exapmple.jacoco_example.TestBankAccount.extracted(TestBankAccount.java:14)
	at com.exapmple.jacoco_example.TestBankAccount.extracted(TestBankAccount.java:14)
	at com.exapmple.jacoco_example.TestBankAccount.extracted(TestBankAccount.java:14)
	at com.exapmple.jacoco_example.TestBankAccount.extracted(TestBankAccount.java:14)
	at com.exapmple.jacoco_example.TestBankAccount.extracted(TestBankAccount.java:14)
	at com.exapmple.jacoco_example.TestBankAccount.extracted(TestBankAccount.java:14)
	at com.exapmple.jacoco_example.TestBankAccount.extracted(TestBankAccount.java:14)
	at com.exapmple.jacoco_example.TestBankAccount.extracted(TestBankAccount.java:14)
	at com.exapmple.jacoco_example.TestBankAccount.extracted(TestBankAccount.java:14)
	at com.exapmple.jacoco_example.TestBankAccount.extracted(TestBankAccount.java:14)
	at com.exapmple.jacoco_example.TestBankAccount.extracted(TestBankAccount.java:14)
	at com.exapmple.jacoco_example.TestBankAccount.extracted(TestBankAccount.java:14)
	at com.exapmple.jacoco_example.TestBankAccount.extracted(TestBankAccount.java:14)
	at com.exapmple.jacoco_example.TestBankAccount.extracted(TestBankAccount.java:14)
	at com.exapmple.jacoco_example.TestBankAccount.extracted(TestBankAccount.java:14)
	at com.exapmple.jacoco_example.TestBankAccount.extracted(TestBankAccount.java:14)
	at com.exapmple.jacoco_example.TestBankAccount.extracted(TestBankAccount.java:14)
	at com.exapmple.jacoco_example.TestBankAccount.extracted(TestBankAccount.java:14)
	at com.exapmple.jacoco_example.TestBankAccount.extracted(TestBankAccount.java:14)
	at com.exapmple.jacoco_example.TestBankAccount.extracted(TestBankAccount.java:14)
	at com.exapmple.jacoco_example.TestBankAccount.extracted(TestBankAccount.java:14)
	at com.exapmple.jacoco_example.TestBankAccount.extracted(TestBankAccount.java:14)
	at com.exapmple.jacoco_example.TestBankAccount.extracted(TestBankAccount.java:14)
	at com.exapmple.jacoco_example.TestBankAccount.extracted(TestBankAccount.java:14)
	at com.exapmple.jacoco_example.TestBankAccount.extracted(TestBankAccount.java:14)
	at com.exapmple.jacoco_example.TestBankAccount.extracted(TestBankAccount.java:14)
	at com.exapmple.jacoco_example.TestBankAccount.extracted(TestBankAccount.java:14)
	at com.exapmple.jacoco_example.TestBankAccount.extracted(TestBankAccount.java:14)
	at com.exapmple.jacoco_example.TestBankAccount.extracted(TestBankAccount.java:14)
	at com.exapmple.jacoco_example.TestBankAccount.extracted(TestBankAccount.java:14)
	at com.exapmple.jacoco_example.TestBankAccount.extracted(TestBankAccount.java:14)
	at com.exapmple.jacoco_example.TestBankAccount.extracted(TestBankAccount.java:14)
	at com.exapmple.jacoco_example.TestBankAccount.extracted(TestBankAccount.java:14)
	at com.exapmple.jacoco_example.TestBankAccount.extracted(TestBankAccount.java:14)
	at com.exapmple.jacoco_example.TestBankAccount.extracted(TestBankAccount.java:14)
	at com.exapmple.jacoco_example.TestBankAccount.extracted(TestBankAccount.java:14)
	at com.exapmple.jacoco_example.TestBankAccount.extracted(TestBankAccount.java:14)
	at com.exapmple.jacoco_example.TestBankAccount.extracted(TestBankAccount.java:14)
	at com.exapmple.jacoco_example.TestBankAccount.extracted(TestBankAccount.java:14)
	at com.exapmple.jacoco_example.TestBankAccount.extracted(TestBankAccount.java:14)
	at com.exapmple.jacoco_example.TestBankAccount.extracted(TestBankAccount.java:14)
	at com.exapmple.jacoco_example.TestBankAccount.extracted(TestBankAccount.java:14)
	at com.exapmple.jacoco_example.TestBankAccount.extracted(TestBankAccount.java:14)
	at com.exapmple.jacoco_example.TestBankAccount.extracted(TestBankAccount.java:14)
	at com.exapmple.jacoco_example.TestBankAccount.extracted(TestBankAccount.java:14)
	at com.exapmple.jacoco_example.TestBankAccount.extracted(TestBankAccount.java:14)
	at com.exapmple.jacoco_example.TestBankAccount.extracted(TestBankAccount.java:14)
	at com.exapmple.jacoco_example.TestBankAccount.extracted(TestBankAccount.java:14)
	at com.exapmple.jacoco_example.TestBankAccount.extracted(TestBankAccount.java:14)
	at com.exapmple.jacoco_example.TestBankAccount.extracted(TestBankAccount.java:14)
	at com.exapmple.jacoco_example.TestBankAccount.extracted(TestBankAccount.java:14)
	at com.exapmple.jacoco_example.TestBankAccount.extracted(TestBankAccount.java:14)
	at com.exapmple.jacoco_example.TestBankAccount.extracted(TestBankAccount.java:14)
	at com.exapmple.jacoco_example.TestBankAccount.extracted(TestBankAccount.java:14)
	at com.exapmple.jacoco_example.TestBankAccount.extracted(TestBankAccount.java:14)
	at com.exapmple.jacoco_example.TestBankAccount.extracted(TestBankAccount.java:14)
	at com.exapmple.jacoco_example.TestBankAccount.extracted(TestBankAccount.java:14)
	at com.exapmple.jacoco_example.TestBankAccount.extracted(TestBankAccount.java:14)
	at com.exapmple.jacoco_example.TestBankAccount.extracted(TestBankAccount.java:14)
	at com.exapmple.jacoco_example.TestBankAccount.extracted(TestBankAccount.java:14)
	at com.exapmple.jacoco_example.TestBankAccount.extracted(TestBankAccount.java:14)
	at com.exapmple.jacoco_example.TestBankAccount.extracted(TestBankAccount.java:14)
	at com.exapmple.jacoco_example.TestBankAccount.extracted(TestBankAccount.java:14)
	at com.exapmple.jacoco_example.TestBankAccount.extracted(TestBankAccount.java:14)
	at com.exapmple.jacoco_example.TestBankAccount.extracted(TestBankAccount.java:14)
	at com.exapmple.jacoco_example.TestBankAccount.extracted(TestBankAccount.java:14)
	at com.exapmple.jacoco_example.TestBankAccount.extracted(TestBankAccount.java:14)
	at com.exapmple.jacoco_example.TestBankAccount.extracted(TestBankAccount.java:14)
	at com.exapmple.jacoco_example.TestBankAccount.extracted(TestBankAccount.java:14)
	at com.exapmple.jacoco_example.TestBankAccount.extracted(TestBankAccount.java:14)
	at com.exapmple.jacoco_example.TestBankAccount.extracted(TestBankAccount.java:14)
	at com.exapmple.jacoco_example.TestBankAccount.extracted(TestBankAccount.java:14)
	at com.exapmple.jacoco_example.TestBankAccount.extracted(TestBankAccount.java:14)
	at com.exapmple.jacoco_example.TestBankAccount.extracted(TestBankAccount.java:14)
	at com.exapmple.jacoco_example.TestBankAccount.extracted(TestBankAccount.java:14)
	at com.exapmple.jacoco_example.TestBankAccount.extracted(TestBankAccount.java:14)
	at com.exapmple.jacoco_example.TestBankAccount.extracted(TestBankAccount.java:14)
	at com.exapmple.jacoco_example.TestBankAccount.extracted(TestBankAccount.java:14)
	at com.exapmple.jacoco_example.TestBankAccount.extracted(TestBankAccount.java:14)
	at com.exapmple.jacoco_example.TestBankAccount.extracted(TestBankAccount.java:14)
	at com.exapmple.jacoco_example.TestBankAccount.extracted(TestBankAccount.java:14)
	at com.exapmple.jacoco_example.TestBankAccount.extracted(TestBankAccount.java:14)
	at com.exapmple.jacoco_example.TestBankAccount.extracted(TestBankAccount.java:14)
	at com.exapmple.jacoco_example.TestBankAccount.extracted(TestBankAccount.java:14)
	at com.exapmple.jacoco_example.TestBankAccount.extracted(TestBankAccount.java:14)
	at com.exapmple.jacoco_example.TestBankAccount.extracted(TestBankAccount.java:14)
	at com.exapmple.jacoco_example.TestBankAccount.extracted(TestBankAccount.java:14)
	at com.exapmple.jacoco_example.TestBankAccount.extracted(TestBankAccount.java:14)
	at com.exapmple.jacoco_example.TestBankAccount.extracted(TestBankAccount.java:14)
	at com.exapmple.jacoco_example.TestBankAccount.extracted(TestBankAccount.java:14)
	at com.exapmple.jacoco_example.TestBankAccount.extracted(TestBankAccount.java:14)
	at com.exapmple.jacoco_example.TestBankAccount.extracted(TestBankAccount.java:14)
	at com.exapmple.jacoco_example.TestBankAccount.extracted(TestBankAccount.java:14)
	at com.exapmple.jacoco_example.TestBankAccount.extracted(TestBankAccount.java:14)
	at com.exapmple.jacoco_example.TestBankAccount.extracted(TestBankAccount.java:14)
	at com.exapmple.jacoco_example.TestBankAccount.extracted(TestBankAccount.java:14)
	at com.exapmple.jacoco_example.TestBankAccount.extracted(TestBankAccount.java:14)
	at com.exapmple.jacoco_example.TestBankAccount.extracted(TestBankAccount.java:14)
	at com.exapmple.jacoco_example.TestBankAccount.extracted(TestBankAccount.java:14)
	at com.exapmple.jacoco_example.TestBankAccount.extracted(TestBankAccount.java:14)
	at com.exapmple.jacoco_example.TestBankAccount.extracted(TestBankAccount.java:14)
	at com.exapmple.jacoco_example.TestBankAccount.extracted(TestBankAccount.java:14)
	at com.exapmple.jacoco_example.TestBankAccount.extracted(TestBankAccount.java:14)
	at com.exapmple.jacoco_example.TestBankAccount.extracted(TestBankAccount.java:14)
	at com.exapmple.jacoco_example.TestBankAccount.extracted(TestBankAccount.java:14)
	at com.exapmple.jacoco_example.TestBankAccount.extracted(TestBankAccount.java:14)
	at com.exapmple.jacoco_example.TestBankAccount.extracted(TestBankAccount.java:14)
	at com.exapmple.jacoco_example.TestBankAccount.extracted(TestBankAccount.java:14)
	at com.exapmple.jacoco_example.TestBankAccount.extracted(TestBankAccount.java:14)
	at com.exapmple.jacoco_example.TestBankAccount.extracted(TestBankAccount.java:14)
	at com.exapmple.jacoco_example.TestBankAccount.extracted(TestBankAccount.java:14)
	at com.exapmple.jacoco_example.TestBankAccount.extracted(TestBankAccount.java:14)
	at com.exapmple.jacoco_example.TestBankAccount.extracted(TestBankAccount.java:14)
	at com.exapmple.jacoco_example.TestBankAccount.extracted(TestBankAccount.java:14)
	at com.exapmple.jacoco_example.TestBankAccount.extracted(TestBankAccount.java:14)
	at com.exapmple.jacoco_example.TestBankAccount.extracted(TestBankAccount.java:14)
	at com.exapmple.jacoco_example.TestBankAccount.extracted(TestBankAccount.java:14)
	at com.exapmple.jacoco_example.TestBankAccount.extracted(TestBankAccount.java:14)
	at com.exapmple.jacoco_example.TestBankAccount.extracted(TestBankAccount.java:14)
	at com.exapmple.jacoco_example.TestBankAccount.extracted(TestBankAccount.java:14)
	at com.exapmple.jacoco_example.TestBankAccount.extracted(TestBankAccount.java:14)
	at com.exapmple.jacoco_example.TestBankAccount.extracted(TestBankAccount.java:14)
	at com.exapmple.jacoco_example.TestBankAccount.extracted(TestBankAccount.java:14)
	at com.exapmple.jacoco_example.TestBankAccount.extracted(TestBankAccount.java:14)
	at com.exapmple.jacoco_example.TestBankAccount.extracted(TestBankAccount.java:14)
	at com.exapmple.jacoco_example.TestBankAccount.extracted(TestBankAccount.java:14)
	at com.exapmple.jacoco_example.TestBankAccount.extracted(TestBankAccount.java:14)
	at com.exapmple.jacoco_example.TestBankAccount.extracted(TestBankAccount.java:14)
	at com.exapmple.jacoco_example.TestBankAccount.extracted(TestBankAccount.java:14)
	at com.exapmple.jacoco_example.TestBankAccount.extracted(TestBankAccount.java:14)
	at com.exapmple.jacoco_example.TestBankAccount.extracted(TestBankAccount.java:14)
	at com.exapmple.jacoco_example.TestBankAccount.extracted(TestBankAccount.java:14)
	at com.exapmple.jacoco_example.TestBankAccount.extracted(TestBankAccount.java:14)
	at com.exapmple.jacoco_example.TestBankAccount.extracted(TestBankAccount.java:14)
	at com.exapmple.jacoco_example.TestBankAccount.extracted(TestBankAccount.java:14)
	at com.exapmple.jacoco_example.TestBankAccount.extracted(TestBankAccount.java:14)
	at com.exapmple.jacoco_example.TestBankAccount.extracted(TestBankAccount.java:14)
	at com.exapmple.jacoco_example.TestBankAccount.extracted(TestBankAccount.java:14)
	at com.exapmple.jacoco_example.TestBankAccount.extracted(TestBankAccount.java:14)
	at com.exapmple.jacoco_example.TestBankAccount.extracted(TestBankAccount.java:14)
	at com.exapmple.jacoco_example.TestBankAccount.extracted(TestBankAccount.java:14)
	at com.exapmple.jacoco_example.TestBankAccount.extracted(TestBankAccount.java:14)
	at com.exapmple.jacoco_example.TestBankAccount.extracted(TestBankAccount.java:14)
	at com.exapmple.jacoco_example.TestBankAccount.extracted(TestBankAccount.java:14)
	at com.exapmple.jacoco_example.TestBankAccount.extracted(TestBankAccount.java:14)
	at com.exapmple.jacoco_example.TestBankAccount.extracted(TestBankAccount.java:14)
	at com.exapmple.jacoco_example.TestBankAccount.extracted(TestBankAccount.java:14)
	at com.exapmple.jacoco_example.TestBankAccount.extracted(TestBankAccount.java:14)
	at com.exapmple.jacoco_example.TestBankAccount.extracted(TestBankAccount.java:14)
	at com.exapmple.jacoco_example.TestBankAccount.extracted(TestBankAccount.java:14)
	at com.exapmple.jacoco_example.TestBankAccount.extracted(TestBankAccount.java:14)
	at com.exapmple.jacoco_example.TestBankAccount.extracted(TestBankAccount.java:14)
	at com.exapmple.jacoco_example.TestBankAccount.extracted(TestBankAccount.java:14)
	at com.exapmple.jacoco_example.TestBankAccount.extracted(TestBankAccount.java:14)
	at com.exapmple.jacoco_example.TestBankAccount.extracted(TestBankAccount.java:14)
	at com.exapmple.jacoco_example.TestBankAccount.extracted(TestBankAccount.java:14)
	at com.exapmple.jacoco_example.TestBankAccount.extracted(TestBankAccount.java:14)
	at com.exapmple.jacoco_example.TestBankAccount.extracted(TestBankAccount.java:14)
	at com.exapmple.jacoco_example.TestBankAccount.extracted(TestBankAccount.java:14)
	at com.exapmple.jacoco_example.TestBankAccount.extracted(TestBankAccount.java:14)
	at com.exapmple.jacoco_example.TestBankAccount.extracted(TestBankAccount.java:14)
	at com.exapmple.jacoco_example.TestBankAccount.extracted(TestBankAccount.java:14)
	at com.exapmple.jacoco_example.TestBankAccount.extracted(TestBankAccount.java:14)
	at com.exapmple.jacoco_example.TestBankAccount.extracted(TestBankAccount.java:14)
	at com.exapmple.jacoco_example.TestBankAccount.extracted(TestBankAccount.java:14)
	at com.exapmple.jacoco_example.TestBankAccount.extracted(TestBankAccount.java:14)
	at com.exapmple.jacoco_example.TestBankAccount.extracted(TestBankAccount.java:14)
	at com.exapmple.jacoco_example.TestBankAccount.extracted(TestBankAccount.java:14)
	at com.exapmple.jacoco_example.TestBankAccount.extracted(TestBankAccount.java:14)
	at com.exapmple.jacoco_example.TestBankAccount.extracted(TestBankAccount.java:14)
	at com.exapmple.jacoco_example.TestBankAccount.extracted(TestBankAccount.java:14)
	at com.exapmple.jacoco_example.TestBankAccount.extracted(TestBankAccount.java:14)
	at com.exapmple.jacoco_example.TestBankAccount.extracted(TestBankAccount.java:14)
	at com.exapmple.jacoco_example.TestBankAccount.extracted(TestBankAccount.java:14)
	at com.exapmple.jacoco_example.TestBankAccount.extracted(TestBankAccount.java:14)
	at com.exapmple.jacoco_example.TestBankAccount.extracted(TestBankAccount.java:14)
	at com.exapmple.jacoco_example.TestBankAccount.extracted(TestBankAccount.java:14)
	at com.exapmple.jacoco_example.TestBankAccount.extracted(TestBankAccount.java:14)
	at com.exapmple.jacoco_example.TestBankAccount.extracted(TestBankAccount.java:14)
	at com.exapmple.jacoco_example.TestBankAccount.extracted(TestBankAccount.java:14)
	at com.exapmple.jacoco_example.TestBankAccount.extracted(TestBankAccount.java:14)
	at com.exapmple.jacoco_example.TestBankAccount.extracted(TestBankAccount.java:14)
	at com.exapmple.jacoco_example.TestBankAccount.extracted(TestBankAccount.java:14)
	at com.exapmple.jacoco_example.TestBankAccount.extracted(TestBankAccount.java:14)
	at com.exapmple.jacoco_example.TestBankAccount.extracted(TestBankAccount.java:14)
	at com.exapmple.jacoco_example.TestBankAccount.extracted(TestBankAccount.java:14)
	at com.exapmple.jacoco_example.TestBankAccount.extracted(TestBankAccount.java:14)
	at com.exapmple.jacoco_example.TestBankAccount.extracted(TestBankAccount.java:14)
	at com.exapmple.jacoco_example.TestBankAccount.extracted(TestBankAccount.java:14)
	at com.exapmple.jacoco_example.TestBankAccount.extracted(TestBankAccount.java:14)
	at com.exapmple.jacoco_example.TestBankAccount.extracted(TestBankAccount.java:14)
	at com.exapmple.jacoco_example.TestBankAccount.extracted(TestBankAccount.java:14)
	at com.exapmple.jacoco_example.TestBankAccount.extracted(TestBankAccount.java:14)
	at com.exapmple.jacoco_example.TestBankAccount.extracted(TestBankAccount.java:14)
	at com.exapmple.jacoco_example.TestBankAccount.extracted(TestBankAccount.java:14)
	at com.exapmple.jacoco_example.TestBankAccount.extracted(TestBankAccount.java:14)
	at com.exapmple.jacoco_example.TestBankAccount.extracted(TestBankAccount.java:14)
	at com.exapmple.jacoco_example.TestBankAccount.extracted(TestBankAccount.java:14)
	at com.exapmple.jacoco_example.TestBankAccount.extracted(TestBankAccount.java:14)
	at com.exapmple.jacoco_example.TestBankAccount.extracted(TestBankAccount.java:14)
	at com.exapmple.jacoco_example.TestBankAccount.extracted(TestBankAccount.java:14)
	at com.exapmple.jacoco_example.TestBankAccount.extracted(TestBankAccount.java:14)
	at com.exapmple.jacoco_example.TestBankAccount.extracted(TestBankAccount.java:14)
	at com.exapmple.jacoco_example.TestBankAccount.extracted(TestBankAccount.java:14)
	at com.exapmple.jacoco_example.TestBankAccount.extracted(TestBankAccount.java:14)
	at com.exapmple.jacoco_example.TestBankAccount.extracted(TestBankAccount.java:14)
	at com.exapmple.jacoco_example.TestBankAccount.extracted(TestBankAccount.java:14)
	at com.exapmple.jacoco_example.TestBankAccount.extracted(TestBankAccount.java:14)
	at com.exapmple.jacoco_example.TestBankAccount.extracted(TestBankAccount.java:14)
	at com.exapmple.jacoco_example.TestBankAccount.extracted(TestBankAccount.java:14)
	at com.exapmple.jacoco_example.TestBankAccount.extracted(TestBankAccount.java:14)
	at com.exapmple.jacoco_example.TestBankAccount.extracted(TestBankAccount.java:14)
	at com.exapmple.jacoco_example.TestBankAccount.extracted(TestBankAccount.java:14)
	at com.exapmple.jacoco_example.TestBankAccount.extracted(TestBankAccount.java:14)
	at com.exapmple.jacoco_example.TestBankAccount.extracted(TestBankAccount.java:14)
	at com.exapmple.jacoco_example.TestBankAccount.extracted(TestBankAccount.java:14)
	at com.exapmple.jacoco_example.TestBankAccount.extracted(TestBankAccount.java:14)
	at com.exapmple.jacoco_example.TestBankAccount.extracted(TestBankAccount.java:14)
	at com.exapmple.jacoco_example.TestBankAccount.extracted(TestBankAccount.java:14)
	at com.exapmple.jacoco_example.TestBankAccount.extracted(TestBankAccount.java:14)
	at com.exapmple.jacoco_example.TestBankAccount.extracted(TestBankAccount.java:14)
	at com.exapmple.jacoco_example.TestBankAccount.extracted(TestBankAccount.java:14)
	at com.exapmple.jacoco_example.TestBankAccount.extracted(TestBankAccount.java:14)
	at com.exapmple.jacoco_example.TestBankAccount.extracted(TestBankAccount.java:14)
	at com.exapmple.jacoco_example.TestBankAccount.extracted(TestBankAccount.java:14)
	at com.exapmple.jacoco_example.TestBankAccount.extracted(TestBankAccount.java:14)
	at com.exapmple.jacoco_example.TestBankAccount.extracted(TestBankAccount.java:14)
	at com.exapmple.jacoco_example.TestBankAccount.extracted(TestBankAccount.java:14)
	at com.exapmple.jacoco_example.TestBankAccount.extracted(TestBankAccount.java:14)
	at com.exapmple.jacoco_example.TestBankAccount.extracted(TestBankAccount.java:14)
	at com.exapmple.jacoco_example.TestBankAccount.extracted(TestBankAccount.java:14)
	at com.exapmple.jacoco_example.TestBankAccount.extracted(TestBankAccount.java:14)
	at com.exapmple.jacoco_example.TestBankAccount.extracted(TestBankAccount.java:14)
	at com.exapmple.jacoco_example.TestBankAccount.extracted(TestBankAccount.java:14)
	at com.exapmple.jacoco_example.TestBankAccount.extracted(TestBankAccount.java:14)
	at com.exapmple.jacoco_example.TestBankAccount.extracted(TestBankAccount.java:14)
	at com.exapmple.jacoco_example.TestBankAccount.extracted(TestBankAccount.java:14)
	at com.exapmple.jacoco_example.TestBankAccount.extracted(TestBankAccount.java:14)
	at com.exapmple.jacoco_example.TestBankAccount.extracted(TestBankAccount.java:14)
	at com.exapmple.jacoco_example.TestBankAccount.extracted(TestBankAccount.java:14)
	at com.exapmple.jacoco_example.TestBankAccount.extracted(TestBankAccount.java:14)
	at com.exapmple.jacoco_example.TestBankAccount.extracted(TestBankAccount.java:14)
	at com.exapmple.jacoco_example.TestBankAccount.extracted(TestBankAccount.java:14)
	at com.exapmple.jacoco_example.TestBankAccount.extracted(TestBankAccount.java:14)
	at com.exapmple.jacoco_example.TestBankAccount.extracted(TestBankAccount.java:14)
	at com.exapmple.jacoco_example.TestBankAccount.extracted(TestBankAccount.java:14)
	at com.exapmple.jacoco_example.TestBankAccount.extracted(TestBankAccount.java:14)
	at com.exapmple.jacoco_example.TestBankAccount.extracted(TestBankAccount.java:14)
	at com.exapmple.jacoco_example.TestBankAccount.extracted(TestBankAccount.java:14)
	at com.exapmple.jacoco_example.TestBankAccount.extracted(TestBankAccount.java:14)
	at com.exapmple.jacoco_example.TestBankAccount.extracted(TestBankAccount.java:14)
	at com.exapmple.jacoco_example.TestBankAccount.extracted(TestBankAccount.java:14)
	at com.exapmple.jacoco_example.TestBankAccount.extracted(TestBankAccount.java:14)
	at com.exapmple.jacoco_example.TestBankAccount.extracted(TestBankAccount.java:14)
	at com.exapmple.jacoco_example.TestBankAccount.extracted(TestBankAccount.java:14)
	at com.exapmple.jacoco_example.TestBankAccount.extracted(TestBankAccount.java:14)
	at com.exapmple.jacoco_example.TestBankAccount.extracted(TestBankAccount.java:14)
	at com.exapmple.jacoco_example.TestBankAccount.extracted(TestBankAccount.java:14)
	at com.exapmple.jacoco_example.TestBankAccount.extracted(TestBankAccount.java:14)
	at com.exapmple.jacoco_example.TestBankAccount.extracted(TestBankAccount.java:14)
	at com.exapmple.jacoco_example.TestBankAccount.extracted(TestBankAccount.java:14)
	at com.exapmple.jacoco_example.TestBankAccount.extracted(TestBankAccount.java:14)
	at com.exapmple.jacoco_example.TestBankAccount.extracted(TestBankAccount.java:14)
	at com.exapmple.jacoco_example.TestBankAccount.extracted(TestBankAccount.java:14)
	at com.exapmple.jacoco_example.TestBankAccount.extracted(TestBankAccount.java:14)
	at com.exapmple.jacoco_example.TestBankAccount.extracted(TestBankAccount.java:14)
	at com.exapmple.jacoco_example.TestBankAccount.extracted(TestBankAccount.java:14)
	at com.exapmple.jacoco_example.TestBankAccount.extracted(TestBankAccount.java:14)
	at com.exapmple.jacoco_example.TestBankAccount.extracted(TestBankAccount.java:14)
	at com.exapmple.jacoco_example.TestBankAccount.extracted(TestBankAccount.java:14)
	at com.exapmple.jacoco_example.TestBankAccount.extracted(TestBankAccount.java:14)
	at com.exapmple.jacoco_example.TestBankAccount.extracted(TestBankAccount.java:14)
	at com.exapmple.jacoco_example.TestBankAccount.extracted(TestBankAccount.java:14)
	at com.exapmple.jacoco_example.TestBankAccount.extracted(TestBankAccount.java:14)
	at com.exapmple.jacoco_example.TestBankAccount.extracted(TestBankAccount.java:14)
	at com.exapmple.jacoco_example.TestBankAccount.extracted(TestBankAccount.java:14)
	at com.exapmple.jacoco_example.TestBankAccount.extracted(TestBankAccount.java:14)
	at com.exapmple.jacoco_example.TestBankAccount.extracted(TestBankAccount.java:14)
	at com.exapmple.jacoco_example.TestBankAccount.extracted(TestBankAccount.java:14)
	at com.exapmple.jacoco_example.TestBankAccount.extracted(TestBankAccount.java:14)
	at com.exapmple.jacoco_example.TestBankAccount.extracted(TestBankAccount.java:14)
	at com.exapmple.jacoco_example.TestBankAccount.extracted(TestBankAccount.java:14)
	at com.exapmple.jacoco_example.TestBankAccount.extracted(TestBankAccount.java:14)
	at com.exapmple.jacoco_example.TestBankAccount.extracted(TestBankAccount.java:14)
	at com.exapmple.jacoco_example.TestBankAccount.extracted(TestBankAccount.java:14)
	at com.exapmple.jacoco_example.TestBankAccount.extracted(TestBankAccount.java:14)
	at com.exapmple.jacoco_example.TestBankAccount.extracted(TestBankAccount.java:14)
	at com.exapmple.jacoco_example.TestBankAccount.extracted(TestBankAccount.java:14)
	at com.exapmple.jacoco_example.TestBankAccount.extracted(TestBankAccount.java:14)
	at com.exapmple.jacoco_example.TestBankAccount.extracted(TestBankAccount.java:14)
	at com.exapmple.jacoco_example.TestBankAccount.extracted(TestBankAccount.java:14)
	at com.exapmple.jacoco_example.TestBankAccount.extracted(TestBankAccount.java:14)
	at com.exapmple.jacoco_example.TestBankAccount.extracted(TestBankAccount.java:14)
	at com.exapmple.jacoco_example.TestBankAccount.extracted(TestBankAccount.java:14)
	at com.exapmple.jacoco_example.TestBankAccount.extracted(TestBankAccount.java:14)
	at com.exapmple.jacoco_example.TestBankAccount.extracted(TestBankAccount.java:14)
	at com.exapmple.jacoco_example.TestBankAccount.extracted(TestBankAccount.java:14)
	at com.exapmple.jacoco_example.TestBankAccount.extracted(TestBankAccount.java:14)
	at com.exapmple.jacoco_example.TestBankAccount.extracted(TestBankAccount.java:14)
	at com.exapmple.jacoco_example.TestBankAccount.extracted(TestBankAccount.java:14)
	at com.exapmple.jacoco_example.TestBankAccount.extracted(TestBankAccount.java:14)
	at com.exapmple.jacoco_example.TestBankAccount.extracted(TestBankAccount.java:14)
	at com.exapmple.jacoco_example.TestBankAccount.extracted(TestBankAccount.java:14)
	at com.exapmple.jacoco_example.TestBankAccount.extracted(TestBankAccount.java:14)
	at com.exapmple.jacoco_example.TestBankAccount.extracted(TestBankAccount.java:14)
	at com.exapmple.jacoco_example.TestBankAccount.extracted(TestBankAccount.java:14)
	at com.exapmple.jacoco_example.TestBankAccount.extracted(TestBankAccount.java:14)
	at com.exapmple.jacoco_example.TestBankAccount.extracted(TestBankAccount.java:14)
	at com.exapmple.jacoco_example.TestBankAccount.extracted(TestBankAccount.java:14)
	at com.exapmple.jacoco_example.TestBankAccount.extracted(TestBankAccount.java:14)
	at com.exapmple.jacoco_example.TestBankAccount.extracted(TestBankAccount.java:14)
	at com.exapmple.jacoco_example.TestBankAccount.extracted(TestBankAccount.java:14)
	at com.exapmple.jacoco_example.TestBankAccount.extracted(TestBankAccount.java:14)
	at com.exapmple.jacoco_example.TestBankAccount.extracted(TestBankAccount.java:14)
	at com.exapmple.jacoco_example.TestBankAccount.extracted(TestBankAccount.java:14)
	at com.exapmple.jacoco_example.TestBankAccount.extracted(TestBankAccount.java:14)
	at com.exapmple.jacoco_example.TestBankAccount.extracted(TestBankAccount.java:14)
	at com.exapmple.jacoco_example.TestBankAccount.extracted(TestBankAccount.java:14)
	at com.exapmple.jacoco_example.TestBankAccount.extracted(TestBankAccount.java:14)
	at com.exapmple.jacoco_example.TestBankAccount.extracted(TestBankAccount.java:14)
	at com.exapmple.jacoco_example.TestBankAccount.extracted(TestBankAccount.java:14)
	at com.exapmple.jacoco_example.TestBankAccount.extracted(TestBankAccount.java:14)
	at com.exapmple.jacoco_example.TestBankAccount.extracted(TestBankAccount.java:14)
	at com.exapmple.jacoco_example.TestBankAccount.extracted(TestBankAccount.java:14)
	at com.exapmple.jacoco_example.TestBankAccount.extracted(TestBankAccount.java:14)
	at com.exapmple.jacoco_example.TestBankAccount.extracted(TestBankAccount.java:14)
	at com.exapmple.jacoco_example.TestBankAccount.extracted(TestBankAccount.java:14)
	at com.exapmple.jacoco_example.TestBankAccount.extracted(TestBankAccount.java:14)
	at com.exapmple.jacoco_example.TestBankAccount.extracted(TestBankAccount.java:14)
	at com.exapmple.jacoco_example.TestBankAccount.extracted(TestBankAccount.java:14)
	at com.exapmple.jacoco_example.TestBankAccount.extracted(TestBankAccount.java:14)
	at com.exapmple.jacoco_example.TestBankAccount.extracted(TestBankAccount.java:14)
	at com.exapmple.jacoco_example.TestBankAccount.extracted(TestBankAccount.java:14)
	at com.exapmple.jacoco_example.TestBankAccount.extracted(TestBankAccount.java:14)
	at com.exapmple.jacoco_example.TestBankAccount.extracted(TestBankAccount.java:14)
	at com.exapmple.jacoco_example.TestBankAccount.extracted(TestBankAccount.java:14)
	at com.exapmple.jacoco_example.TestBankAccount.extracted(TestBankAccount.java:14)
	at com.exapmple.jacoco_example.TestBankAccount.extracted(TestBankAccount.java:14)
	at com.exapmple.jacoco_example.TestBankAccount.extracted(TestBankAccount.java:14)
	at com.exapmple.jacoco_example.TestBankAccount.extracted(TestBankAccount.java:14)
	at com.exapmple.jacoco_example.TestBankAccount.extracted(TestBankAccount.java:14)
	at com.exapmple.jacoco_example.TestBankAccount.extracted(TestBankAccount.java:14)
	at com.exapmple.jacoco_example.TestBankAccount.extracted(TestBankAccount.java:14)
	at com.exapmple.jacoco_example.TestBankAccount.extracted(TestBankAccount.java:14)
	at com.exapmple.jacoco_example.TestBankAccount.extracted(TestBankAccount.java:14)
	at com.exapmple.jacoco_example.TestBankAccount.extracted(TestBankAccount.java:14)
	at com.exapmple.jacoco_example.TestBankAccount.extracted(TestBankAccount.java:14)
	at com.exapmple.jacoco_example.TestBankAccount.extracted(TestBankAccount.java:14)
	at com.exapmple.jacoco_example.TestBankAccount.extracted(TestBankAccount.java:14)
	at com.exapmple.jacoco_example.TestBankAccount.extracted(TestBankAccount.java:14)
	at com.exapmple.jacoco_example.TestBankAccount.extracted(TestBankAccount.java:14)
	at com.exapmple.jacoco_example.TestBankAccount.extracted(TestBankAccount.java:14)
	at com.exapmple.jacoco_example.TestBankAccount.extracted(TestBankAccount.java:14)
	at com.exapmple.jacoco_example.TestBankAccount.extracted(TestBankAccount.java:14)
	at com.exapmple.jacoco_example.TestBankAccount.extracted(TestBankAccount.java:14)
	at com.exapmple.jacoco_example.TestBankAccount.extracted(TestBankAccount.java:14)
	at com.exapmple.jacoco_example.TestBankAccount.extracted(TestBankAccount.java:14)
	at com.exapmple.jacoco_example.TestBankAccount.extracted(TestBankAccount.java:14)
	at com.exapmple.jacoco_example.TestBankAccount.extracted(TestBankAccount.java:14)
	at com.exapmple.jacoco_example.TestBankAccount.extracted(TestBankAccount.java:14)
	at com.exapmple.jacoco_example.TestBankAccount.extracted(TestBankAccount.java:14)
	at com.exapmple.jacoco_example.TestBankAccount.extracted(TestBankAccount.java:14)
	at com.exapmple.jacoco_example.TestBankAccount.extracted(TestBankAccount.java:14)
	at com.exapmple.jacoco_example.TestBankAccount.extracted(TestBankAccount.java:14)
	at com.exapmple.jacoco_example.TestBankAccount.extracted(TestBankAccount.java:14)
	at com.exapmple.jacoco_example.TestBankAccount.extracted(TestBankAccount.java:14)
	at com.exapmple.jacoco_example.TestBankAccount.extracted(TestBankAccount.java:14)
	at com.exapmple.jacoco_example.TestBankAccount.extracted(TestBankAccount.java:14)
	at com.exapmple.jacoco_example.TestBankAccount.extracted(TestBankAccount.java:14)
	at com.exapmple.jacoco_example.TestBankAccount.extracted(TestBankAccount.java:14)
	at com.exapmple.jacoco_example.TestBankAccount.extracted(TestBankAccount.java:14)
	at com.exapmple.jacoco_example.TestBankAccount.extracted(TestBankAccount.java:14)
	at com.exapmple.jacoco_example.TestBankAccount.extracted(TestBankAccount.java:14)
	at com.exapmple.jacoco_example.TestBankAccount.extracted(TestBankAccount.java:14)
	at com.exapmple.jacoco_example.TestBankAccount.extracted(TestBankAccount.java:14)
	at com.exapmple.jacoco_example.TestBankAccount.extracted(TestBankAccount.java:14)
	at com.exapmple.jacoco_example.TestBankAccount.extracted(TestBankAccount.java:14)
	at com.exapmple.jacoco_example.TestBankAccount.extracted(TestBankAccount.java:14)
	at com.exapmple.jacoco_example.TestBankAccount.extracted(TestBankAccount.java:14)
	at com.exapmple.jacoco_example.TestBankAccount.extracted(TestBankAccount.java:14)
	at com.exapmple.jacoco_example.TestBankAccount.extracted(TestBankAccount.java:14)
	at com.exapmple.jacoco_example.TestBankAccount.extracted(TestBankAccount.java:14)
	at com.exapmple.jacoco_example.TestBankAccount.extracted(TestBankAccount.java:14)
	at com.exapmple.jacoco_example.TestBankAccount.extracted(TestBankAccount.java:14)
	at com.exapmple.jacoco_example.TestBankAccount.extracted(TestBankAccount.java:14)
	at com.exapmple.jacoco_example.TestBankAccount.extracted(TestBankAccount.java:14)
	at com.exapmple.jacoco_example.TestBankAccount.extracted(TestBankAccount.java:14)
	at com.exapmple.jacoco_example.TestBankAccount.extracted(TestBankAccount.java:14)
	at com.exapmple.jacoco_example.TestBankAccount.extracted(TestBankAccount.java:14)
	at com.exapmple.jacoco_example.TestBankAccount.extracted(TestBankAccount.java:14)
	at com.exapmple.jacoco_example.TestBankAccount.extracted(TestBankAccount.java:14)
	at com.exapmple.jacoco_example.TestBankAccount.extracted(TestBankAccount.java:14)
	at com.exapmple.jacoco_example.TestBankAccount.extracted(TestBankAccount.java:14)
	at com.exapmple.jacoco_example.TestBankAccount.extracted(TestBankAccount.java:14)
	at com.exapmple.jacoco_example.TestBankAccount.extracted(TestBankAccount.java:14)
	at com.exapmple.jacoco_example.TestBankAccount.extracted(TestBankAccount.java:14)
	at com.exapmple.jacoco_example.TestBankAccount.extracted(TestBankAccount.java:14)
	at com.exapmple.jacoco_example.TestBankAccount.extracted(TestBankAccount.java:14)
	at com.exapmple.jacoco_example.TestBankAccount.extracted(TestBankAccount.java:14)
	at com.exapmple.jacoco_example.TestBankAccount.extracted(TestBankAccount.java:14)
	at com.exapmple.jacoco_example.TestBankAccount.extracted(TestBankAccount.java:14)
	at com.exapmple.jacoco_example.TestBankAccount.extracted(TestBankAccount.java:14)
	at com.exapmple.jacoco_example.TestBankAccount.extracted(TestBankAccount.java:14)
	at com.exapmple.jacoco_example.TestBankAccount.extracted(TestBankAccount.java:14)
	at com.exapmple.jacoco_example.TestBankAccount.extracted(TestBankAccount.java:14)
	at com.exapmple.jacoco_example.TestBankAccount.extracted(TestBankAccount.java:14)
	at com.exapmple.jacoco_example.TestBankAccount.extracted(TestBankAccount.java:14)
	at com.exapmple.jacoco_example.TestBankAccount.extracted(TestBankAccount.java:14)
	at com.exapmple.jacoco_example.TestBankAccount.extracted(TestBankAccount.java:14)
	at com.exapmple.jacoco_example.TestBankAccount.extracted(TestBankAccount.java:14)
	at com.exapmple.jacoco_example.TestBankAccount.extracted(TestBankAccount.java:14)
	at com.exapmple.jacoco_example.TestBankAccount.extracted(TestBankAccount.java:14)
	at com.exapmple.jacoco_example.TestBankAccount.extracted(TestBankAccount.java:14)
	at com.exapmple.jacoco_example.TestBankAccount.extracted(TestBankAccount.java:14)
	at com.exapmple.jacoco_example.TestBankAccount.extracted(TestBankAccount.java:14)
	at com.exapmple.jacoco_example.TestBankAccount.extracted(TestBankAccount.java:14)
	at com.exapmple.jacoco_example.TestBankAccount.extracted(TestBankAccount.java:14)
	at com.exapmple.jacoco_example.TestBankAccount.extracted(TestBankAccount.java:14)
	at com.exapmple.jacoco_example.TestBankAccount.extracted(TestBankAccount.java:14)
	at com.exapmple.jacoco_example.TestBankAccount.extracted(TestBankAccount.java:14)
	at com.exapmple.jacoco_example.TestBankAccount.extracted(TestBankAccount.java:14)
	at com.exapmple.jacoco_example.TestBankAccount.extracted(TestBankAccount.java:14)
	at com.exapmple.jacoco_example.TestBankAccount.extracted(TestBankAccount.java:14)
	at com.exapmple.jacoco_example.TestBankAccount.extracted(TestBankAccount.java:14)
	at com.exapmple.jacoco_example.TestBankAccount.extracted(TestBankAccount.java:14)
	at com.exapmple.jacoco_example.TestBankAccount.extracted(TestBankAccount.java:14)
	at com.exapmple.jacoco_example.TestBankAccount.extracted(TestBankAccount.java:14)
	at com.exapmple.jacoco_example.TestBankAccount.extracted(TestBankAccount.java:14)
	at com.exapmple.jacoco_example.TestBankAccount.extracted(TestBankAccount.java:14)
	at com.exapmple.jacoco_example.TestBankAccount.extracted(TestBankAccount.java:14)
	at com.exapmple.jacoco_example.TestBankAccount.extracted(TestBankAccount.java:14)
	at com.exapmple.jacoco_example.TestBankAccount.extracted(TestBankAccount.java:14)
	at com.exapmple.jacoco_example.TestBankAccount.extracted(TestBankAccount.java:14)
	at com.exapmple.jacoco_example.TestBankAccount.extracted(TestBankAccount.java:14)
	at com.exapmple.jacoco_example.TestBankAccount.extracted(TestBankAccount.java:14)
	at com.exapmple.jacoco_example.TestBankAccount.extracted(TestBankAccount.java:14)
	at com.exapmple.jacoco_example.TestBankAccount.extracted(TestBankAccount.java:14)
	at com.exapmple.jacoco_example.TestBankAccount.extracted(TestBankAccount.java:14)
	at com.exapmple.jacoco_example.TestBankAccount.extracted(TestBankAccount.java:14)
	at com.exapmple.jacoco_example.TestBankAccount.extracted(TestBankAccount.java:14)
	at com.exapmple.jacoco_example.TestBankAccount.extracted(TestBankAccount.java:14)
	at com.exapmple.jacoco_example.TestBankAccount.extracted(TestBankAccount.java:14)
	at com.exapmple.jacoco_example.TestBankAccount.extracted(TestBankAccount.java:14)
	at com.exapmple.jacoco_example.TestBankAccount.extracted(TestBankAccount.java:14)
	at com.exapmple.jacoco_example.TestBankAccount.extracted(TestBankAccount.java:14)
	at com.exapmple.jacoco_example.TestBankAccount.extracted(TestBankAccount.java:14)
	at com.exapmple.jacoco_example.TestBankAccount.extracted(TestBankAccount.java:14)
	at com.exapmple.jacoco_example.TestBankAccount.extracted(TestBankAccount.java:14)
	at com.exapmple.jacoco_example.TestBankAccount.extracted(TestBankAccount.java:14)
	at com.exapmple.jacoco_example.TestBankAccount.extracted(TestBankAccount.java:14)
	at com.exapmple.jacoco_example.TestBankAccount.extracted(TestBankAccount.java:14)
	at com.exapmple.jacoco_example.TestBankAccount.extracted(TestBankAccount.java:14)
	at com.exapmple.jacoco_example.TestBankAccount.extracted(TestBankAccount.java:14)
	at com.exapmple.jacoco_example.TestBankAccount.extracted(TestBankAccount.java:14)
	at com.exapmple.jacoco_example.TestBankAccount.extracted(TestBankAccount.java:14)
	at com.exapmple.jacoco_example.TestBankAccount.extracted(TestBankAccount.java:14)
	at com.exapmple.jacoco_example.TestBankAccount.extracted(TestBankAccount.java:14)
	at com.exapmple.jacoco_example.TestBankAccount.extracted(TestBankAccount.java:14)
	at com.exapmple.jacoco_example.TestBankAccount.extracted(TestBankAccount.java:14)
	at com.exapmple.jacoco_example.TestBankAccount.extracted(TestBankAccount.java:14)
	at com.exapmple.jacoco_example.TestBankAccount.extracted(TestBankAccount.java:14)
	at com.exapmple.jacoco_example.TestBankAccount.extracted(TestBankAccount.java:14)
	at com.exapmple.jacoco_example.TestBankAccount.extracted(TestBankAccount.java:14)
	at com.exapmple.jacoco_example.TestBankAccount.extracted(TestBankAccount.java:14)
	at com.exapmple.jacoco_example.TestBankAccount.extracted(TestBankAccount.java:14)
	at com.exapmple.jacoco_example.TestBankAccount.extracted(TestBankAccount.java:14)
	at com.exapmple.jacoco_example.TestBankAccount.extracted(TestBankAccount.java:14)
	at com.exapmple.jacoco_example.TestBankAccount.extracted(TestBankAccount.java:14)
	at com.exapmple.jacoco_example.TestBankAccount.extracted(TestBankAccount.java:14)
	at com.exapmple.jacoco_example.TestBankAccount.extracted(TestBankAccount.java:14)
	at com.exapmple.jacoco_example.TestBankAccount.extracted(TestBankAccount.java:14)
	at com.exapmple.jacoco_example.TestBankAccount.extracted(TestBankAccount.java:14)
	at com.exapmple.jacoco_example.TestBankAccount.extracted(TestBankAccount.java:14)
	at com.exapmple.jacoco_example.TestBankAccount.extracted(TestBankAccount.java:14)
	at com.exapmple.jacoco_example.TestBankAccount.extracted(TestBankAccount.java:14)
	at com.exapmple.jacoco_example.TestBankAccount.extracted(TestBankAccount.java:14)
	at com.exapmple.jacoco_example.TestBankAccount.extracted(TestBankAccount.java:14)
	at com.exapmple.jacoco_example.TestBankAccount.extracted(TestBankAccount.java:14)
	at com.exapmple.jacoco_example.TestBankAccount.extracted(TestBankAccount.java:14)
	at com.exapmple.jacoco_example.TestBankAccount.extracted(TestBankAccount.java:14)
	at com.exapmple.jacoco_example.TestBankAccount.extracted(TestBankAccount.java:14)
	at com.exapmple.jacoco_example.TestBankAccount.extracted(TestBankAccount.java:14)
	at com.exapmple.jacoco_example.TestBankAccount.extracted(TestBankAccount.java:14)
	at com.exapmple.jacoco_example.TestBankAccount.extracted(TestBankAccount.java:14)
	at com.exapmple.jacoco_example.TestBankAccount.extracted(TestBankAccount.java:14)
	at com.exapmple.jacoco_example.TestBankAccount.extracted(TestBankAccount.java:14)
	at com.exapmple.jacoco_example.TestBankAccount.extracted(TestBankAccount.java:14)
	at com.exapmple.jacoco_example.TestBankAccount.extracted(TestBankAccount.java:14)
</error>
  </testcase>
</testsuite>